Running: MNIST resnet18 BS=16 Opt=SGD LR=0.001 Ep=4
Ep 1/4 | Loss: 0.1480 | ValAcc: 98.69% | Time: 49.80s
Ep 2/4 | Loss: 0.0396 | ValAcc: 98.81% | Time: 41.58s
Ep 3/4 | Loss: 0.0225 | ValAcc: 98.96% | Time: 41.66s
Ep 4/4 | Loss: 0.0139 | ValAcc: 99.09% | Time: 41.50s
TEST ACCURACY: 99.24%
New best model saved for MNIST: 99.24%
Running: MNIST resnet18 BS=16 Opt=SGD LR=0.0001 Ep=4
Ep 1/4 | Loss: 0.4686 | ValAcc: 96.14% | Time: 43.26s
Ep 2/4 | Loss: 0.1198 | ValAcc: 97.79% | Time: 32.34s
Ep 3/4 | Loss: 0.0780 | ValAcc: 98.26% | Time: 44.06s
Ep 4/4 | Loss: 0.0573 | ValAcc: 98.44% | Time: 38.00s
TEST ACCURACY: 98.44%
Running: MNIST resnet18 BS=16 Opt=Adam LR=0.001 Ep=4
Ep 1/4 | Loss: 0.1344 | ValAcc: 98.63% | Time: 38.09s
Ep 2/4 | Loss: 0.0608 | ValAcc: 98.96% | Time: 35.59s
Ep 3/4 | Loss: 0.0471 | ValAcc: 98.10% | Time: 40.32s
Ep 4/4 | Loss: 0.0330 | ValAcc: 99.17% | Time: 35.36s
TEST ACCURACY: 99.20%
Running: MNIST resnet18 BS=16 Opt=Adam LR=0.0001 Ep=4
Ep 1/4 | Loss: 0.1257 | ValAcc: 98.07% | Time: 37.14s
Ep 2/4 | Loss: 0.0518 | ValAcc: 98.99% | Time: 36.74s
Ep 3/4 | Loss: 0.0360 | ValAcc: 98.93% | Time: 35.76s
Ep 4/4 | Loss: 0.0295 | ValAcc: 99.16% | Time: 35.79s
TEST ACCURACY: 99.19%
Running: MNIST resnet18 BS=32 Opt=SGD LR=0.001 Ep=4
Ep 1/4 | Loss: 0.1898 | ValAcc: 98.37% | Time: 26.67s
Ep 2/4 | Loss: 0.0370 | ValAcc: 98.93% | Time: 24.90s
Ep 3/4 | Loss: 0.0199 | ValAcc: 99.01% | Time: 24.74s
Ep 4/4 | Loss: 0.0109 | ValAcc: 99.17% | Time: 24.69s
TEST ACCURACY: 98.95%
Running: MNIST resnet18 BS=32 Opt=SGD LR=0.0001 Ep=4
Ep 1/4 | Loss: 0.7020 | ValAcc: 94.91% | Time: 25.92s
Ep 2/4 | Loss: 0.1819 | ValAcc: 96.67% | Time: 24.66s
Ep 3/4 | Loss: 0.1170 | ValAcc: 97.24% | Time: 24.60s
Ep 4/4 | Loss: 0.0882 | ValAcc: 97.90% | Time: 24.64s
TEST ACCURACY: 97.91%
Running: MNIST resnet18 BS=32 Opt=Adam LR=0.001 Ep=4
Ep 1/4 | Loss: 0.1224 | ValAcc: 98.54% | Time: 27.25s
Ep 2/4 | Loss: 0.0566 | ValAcc: 98.76% | Time: 26.02s
Ep 3/4 | Loss: 0.0415 | ValAcc: 98.80% | Time: 25.90s
Ep 4/4 | Loss: 0.0324 | ValAcc: 99.06% | Time: 25.90s
TEST ACCURACY: 99.04%
Running: MNIST resnet18 BS=32 Opt=Adam LR=0.0001 Ep=4
Ep 1/4 | Loss: 0.1217 | ValAcc: 98.07% | Time: 27.39s
Ep 2/4 | Loss: 0.0434 | ValAcc: 98.90% | Time: 26.13s
Ep 3/4 | Loss: 0.0304 | ValAcc: 99.13% | Time: 26.02s
Ep 4/4 | Loss: 0.0245 | ValAcc: 99.16% | Time: 26.02s
TEST ACCURACY: 99.21%
Running: MNIST resnet18 BS=16 Opt=SGD LR=0.001 Ep=4
Ep 1/4 | Loss: 0.1476 | ValAcc: 98.63% | Time: 75.04s
Ep 2/4 | Loss: 0.0416 | ValAcc: 98.90% | Time: 74.56s
Ep 3/4 | Loss: 0.0236 | ValAcc: 98.94% | Time: 74.54s
Ep 4/4 | Loss: 0.0161 | ValAcc: 99.00% | Time: 74.44s
TEST ACCURACY: 99.27%
New best model saved for MNIST: 99.27%
Running: MNIST resnet18 BS=16 Opt=SGD LR=0.0001 Ep=4
Ep 1/4 | Loss: 0.4978 | ValAcc: 96.54% | Time: 74.26s
Ep 2/4 | Loss: 0.1200 | ValAcc: 97.86% | Time: 72.74s
Ep 3/4 | Loss: 0.0788 | ValAcc: 98.24% | Time: 71.79s
Ep 4/4 | Loss: 0.0583 | ValAcc: 98.50% | Time: 71.76s
TEST ACCURACY: 98.62%
Running: MNIST resnet18 BS=16 Opt=Adam LR=0.001 Ep=4
Ep 1/4 | Loss: 0.1356 | ValAcc: 98.49% | Time: 72.90s
Ep 2/4 | Loss: 0.0612 | ValAcc: 98.07% | Time: 72.43s
Ep 3/4 | Loss: 0.0438 | ValAcc: 98.99% | Time: 72.52s
Ep 4/4 | Loss: 0.0349 | ValAcc: 99.14% | Time: 72.50s
TEST ACCURACY: 99.14%
Running: MNIST resnet18 BS=16 Opt=Adam LR=0.0001 Ep=4
Ep 1/4 | Loss: 0.1212 | ValAcc: 98.59% | Time: 72.83s
Ep 2/4 | Loss: 0.0485 | ValAcc: 98.53% | Time: 72.40s
Ep 3/4 | Loss: 0.0378 | ValAcc: 99.04% | Time: 72.40s
Ep 4/4 | Loss: 0.0246 | ValAcc: 99.07% | Time: 72.49s
TEST ACCURACY: 99.18%
Running: MNIST resnet18 BS=32 Opt=SGD LR=0.001 Ep=4
Ep 1/4 | Loss: 0.1841 | ValAcc: 98.40% | Time: 37.53s
Ep 2/4 | Loss: 0.0402 | ValAcc: 98.86% | Time: 36.87s
Ep 3/4 | Loss: 0.0223 | ValAcc: 99.00% | Time: 37.23s
Ep 4/4 | Loss: 0.0124 | ValAcc: 99.09% | Time: 36.87s
TEST ACCURACY: 99.13%
Running: MNIST resnet18 BS=32 Opt=SGD LR=0.0001 Ep=4
Ep 1/4 | Loss: 0.7119 | ValAcc: 94.79% | Time: 37.91s
Ep 2/4 | Loss: 0.1817 | ValAcc: 96.59% | Time: 37.65s
Ep 3/4 | Loss: 0.1172 | ValAcc: 97.24% | Time: 41.53s
Ep 4/4 | Loss: 0.0873 | ValAcc: 97.83% | Time: 42.61s
TEST ACCURACY: 97.89%
Running: MNIST resnet18 BS=32 Opt=Adam LR=0.001 Ep=4
Ep 1/4 | Loss: 0.1208 | ValAcc: 96.16% | Time: 44.23s
Ep 2/4 | Loss: 0.0557 | ValAcc: 99.16% | Time: 43.68s
Ep 3/4 | Loss: 0.0415 | ValAcc: 98.59% | Time: 43.95s
Ep 4/4 | Loss: 0.0343 | ValAcc: 99.06% | Time: 43.99s
TEST ACCURACY: 98.97%
Running: MNIST resnet18 BS=32 Opt=Adam LR=0.0001 Ep=4
Ep 1/4 | Loss: 0.1243 | ValAcc: 98.39% | Time: 44.77s
Ep 2/4 | Loss: 0.0428 | ValAcc: 98.43% | Time: 43.52s
Ep 3/4 | Loss: 0.0310 | ValAcc: 98.37% | Time: 43.52s
Ep 4/4 | Loss: 0.0236 | ValAcc: 99.03% | Time: 43.60s
TEST ACCURACY: 99.06%
Running: MNIST resnet18 BS=16 Opt=SGD LR=0.001 Ep=10
Ep 1/10 | Loss: 0.1507 | ValAcc: 98.46% | Time: 48.16s
Ep 2/10 | Loss: 0.0401 | ValAcc: 98.80% | Time: 32.98s
Ep 3/10 | Loss: 0.0237 | ValAcc: 99.00% | Time: 46.99s
Ep 4/10 | Loss: 0.0154 | ValAcc: 99.03% | Time: 44.46s
Ep 5/10 | Loss: 0.0089 | ValAcc: 99.21% | Time: 32.61s
Ep 6/10 | Loss: 0.0063 | ValAcc: 99.24% | Time: 46.83s
Ep 7/10 | Loss: 0.0053 | ValAcc: 99.20% | Time: 32.88s
Ep 8/10 | Loss: 0.0031 | ValAcc: 99.11% | Time: 37.41s
Ep 9/10 | Loss: 0.0023 | ValAcc: 99.23% | Time: 32.33s
Ep 10/10 | Loss: 0.0016 | ValAcc: 99.23% | Time: 46.98s
TEST ACCURACY: 99.41%
New best model saved for MNIST: 99.41%
Running: MNIST resnet18 BS=16 Opt=SGD LR=0.0001 Ep=10
Ep 1/10 | Loss: 0.4777 | ValAcc: 96.44% | Time: 48.01s
Ep 2/10 | Loss: 0.1216 | ValAcc: 97.90% | Time: 47.47s
Ep 3/10 | Loss: 0.0809 | ValAcc: 98.33% | Time: 37.62s
Ep 4/10 | Loss: 0.0597 | ValAcc: 98.54% | Time: 47.06s
Ep 5/10 | Loss: 0.0458 | ValAcc: 98.79% | Time: 34.23s
Ep 6/10 | Loss: 0.0394 | ValAcc: 98.91% | Time: 32.43s
Ep 7/10 | Loss: 0.0317 | ValAcc: 98.91% | Time: 46.98s
Ep 8/10 | Loss: 0.0259 | ValAcc: 98.94% | Time: 47.07s
Ep 9/10 | Loss: 0.0227 | ValAcc: 98.99% | Time: 34.20s
Ep 10/10 | Loss: 0.0210 | ValAcc: 99.10% | Time: 47.12s
TEST ACCURACY: 99.01%
Running: MNIST resnet18 BS=16 Opt=Adam LR=0.001 Ep=10
Ep 1/10 | Loss: 0.1348 | ValAcc: 97.83% | Time: 37.67s
Ep 2/10 | Loss: 0.0591 | ValAcc: 98.29% | Time: 39.63s
Ep 3/10 | Loss: 0.0437 | ValAcc: 98.36% | Time: 36.94s
Ep 4/10 | Loss: 0.0335 | ValAcc: 99.20% | Time: 36.62s
Ep 5/10 | Loss: 0.0272 | ValAcc: 99.17% | Time: 35.64s
Ep 6/10 | Loss: 0.0218 | ValAcc: 99.20% | Time: 35.75s
Ep 7/10 | Loss: 0.0203 | ValAcc: 99.14% | Time: 35.67s
Ep 8/10 | Loss: 0.0156 | ValAcc: 99.20% | Time: 36.90s
Ep 9/10 | Loss: 0.0145 | ValAcc: 99.26% | Time: 35.94s
Ep 10/10 | Loss: 0.0106 | ValAcc: 99.31% | Time: 35.95s
TEST ACCURACY: 99.27%
Running: MNIST resnet18 BS=16 Opt=Adam LR=0.0001 Ep=10
Ep 1/10 | Loss: 0.1236 | ValAcc: 98.66% | Time: 37.35s
Ep 2/10 | Loss: 0.0494 | ValAcc: 98.81% | Time: 35.87s
Ep 3/10 | Loss: 0.0341 | ValAcc: 98.76% | Time: 36.48s
Ep 4/10 | Loss: 0.0271 | ValAcc: 99.09% | Time: 36.24s
Ep 5/10 | Loss: 0.0232 | ValAcc: 99.14% | Time: 36.21s
Ep 6/10 | Loss: 0.0171 | ValAcc: 99.09% | Time: 39.10s
Ep 7/10 | Loss: 0.0156 | ValAcc: 99.23% | Time: 35.95s
Ep 8/10 | Loss: 0.0133 | ValAcc: 98.99% | Time: 36.19s
Ep 9/10 | Loss: 0.0112 | ValAcc: 99.31% | Time: 35.51s
Ep 10/10 | Loss: 0.0094 | ValAcc: 99.29% | Time: 35.85s
TEST ACCURACY: 99.27%
Running: MNIST resnet18 BS=32 Opt=SGD LR=0.001 Ep=10
Ep 1/10 | Loss: 0.1870 | ValAcc: 98.41% | Time: 26.03s
Ep 2/10 | Loss: 0.0388 | ValAcc: 98.74% | Time: 25.23s
Ep 3/10 | Loss: 0.0224 | ValAcc: 99.13% | Time: 25.14s
Ep 4/10 | Loss: 0.0134 | ValAcc: 99.07% | Time: 25.18s
Ep 5/10 | Loss: 0.0070 | ValAcc: 99.24% | Time: 25.18s
Ep 6/10 | Loss: 0.0046 | ValAcc: 99.21% | Time: 25.21s
Ep 7/10 | Loss: 0.0031 | ValAcc: 99.14% | Time: 25.18s
Ep 8/10 | Loss: 0.0029 | ValAcc: 99.26% | Time: 25.13s
Ep 9/10 | Loss: 0.0021 | ValAcc: 99.24% | Time: 25.17s
Ep 10/10 | Loss: 0.0015 | ValAcc: 99.37% | Time: 25.17s
TEST ACCURACY: 99.21%
Running: MNIST resnet18 BS=32 Opt=SGD LR=0.0001 Ep=10
Ep 1/10 | Loss: 0.7201 | ValAcc: 94.60% | Time: 26.48s
Ep 2/10 | Loss: 0.1762 | ValAcc: 96.94% | Time: 25.23s
Ep 3/10 | Loss: 0.1098 | ValAcc: 97.76% | Time: 25.32s
Ep 4/10 | Loss: 0.0816 | ValAcc: 97.91% | Time: 25.29s
Ep 5/10 | Loss: 0.0657 | ValAcc: 98.24% | Time: 25.29s
Ep 6/10 | Loss: 0.0551 | ValAcc: 98.40% | Time: 25.34s
Ep 7/10 | Loss: 0.0467 | ValAcc: 98.59% | Time: 25.30s
Ep 8/10 | Loss: 0.0400 | ValAcc: 98.70% | Time: 25.26s
Ep 9/10 | Loss: 0.0348 | ValAcc: 98.63% | Time: 25.29s
Ep 10/10 | Loss: 0.0311 | ValAcc: 98.79% | Time: 25.24s
TEST ACCURACY: 98.63%
Running: MNIST resnet18 BS=32 Opt=Adam LR=0.001 Ep=10
Ep 1/10 | Loss: 0.1238 | ValAcc: 98.23% | Time: 27.78s
Ep 2/10 | Loss: 0.0545 | ValAcc: 98.91% | Time: 26.45s
Ep 3/10 | Loss: 0.0414 | ValAcc: 98.77% | Time: 26.44s
Ep 4/10 | Loss: 0.0331 | ValAcc: 98.77% | Time: 26.41s
Ep 5/10 | Loss: 0.0278 | ValAcc: 97.63% | Time: 26.43s
Ep 6/10 | Loss: 0.0228 | ValAcc: 99.06% | Time: 26.40s
Ep 7/10 | Loss: 0.0202 | ValAcc: 99.13% | Time: 26.42s
Ep 8/10 | Loss: 0.0185 | ValAcc: 99.26% | Time: 26.37s
Ep 9/10 | Loss: 0.0145 | ValAcc: 99.24% | Time: 26.40s
Ep 10/10 | Loss: 0.0120 | ValAcc: 99.23% | Time: 26.40s
TEST ACCURACY: 99.27%
Running: MNIST resnet18 BS=32 Opt=Adam LR=0.0001 Ep=10
Ep 1/10 | Loss: 0.1263 | ValAcc: 98.83% | Time: 27.41s
Ep 2/10 | Loss: 0.0444 | ValAcc: 98.96% | Time: 26.11s
Ep 3/10 | Loss: 0.0302 | ValAcc: 98.56% | Time: 26.15s
Ep 4/10 | Loss: 0.0255 | ValAcc: 98.60% | Time: 26.13s
Ep 5/10 | Loss: 0.0202 | ValAcc: 98.86% | Time: 26.15s
Ep 6/10 | Loss: 0.0171 | ValAcc: 98.80% | Time: 26.14s
Ep 7/10 | Loss: 0.0141 | ValAcc: 98.51% | Time: 26.19s
Ep 8/10 | Loss: 0.0139 | ValAcc: 99.30% | Time: 26.09s
Ep 9/10 | Loss: 0.0098 | ValAcc: 99.20% | Time: 26.16s
Ep 10/10 | Loss: 0.0112 | ValAcc: 98.79% | Time: 26.21s
TEST ACCURACY: 98.65%
Running: MNIST resnet18 BS=16 Opt=SGD LR=0.001 Ep=10
Ep 1/10 | Loss: 0.1477 | ValAcc: 98.89% | Time: 74.24s
Ep 2/10 | Loss: 0.0406 | ValAcc: 98.84% | Time: 73.82s
Ep 3/10 | Loss: 0.0240 | ValAcc: 98.96% | Time: 73.67s
Ep 4/10 | Loss: 0.0134 | ValAcc: 99.00% | Time: 73.83s
Ep 5/10 | Loss: 0.0099 | ValAcc: 99.17% | Time: 73.86s
Ep 6/10 | Loss: 0.0065 | ValAcc: 99.24% | Time: 72.50s
Ep 7/10 | Loss: 0.0042 | ValAcc: 99.31% | Time: 72.21s
Ep 8/10 | Loss: 0.0033 | ValAcc: 99.26% | Time: 73.36s
Ep 9/10 | Loss: 0.0032 | ValAcc: 99.27% | Time: 72.98s
Ep 10/10 | Loss: 0.0020 | ValAcc: 99.34% | Time: 72.72s
TEST ACCURACY: 99.37%
Running: MNIST resnet18 BS=16 Opt=SGD LR=0.0001 Ep=10
Ep 1/10 | Loss: 0.4956 | ValAcc: 96.87% | Time: 74.99s
Ep 2/10 | Loss: 0.1214 | ValAcc: 97.84% | Time: 74.12s
Ep 3/10 | Loss: 0.0783 | ValAcc: 98.31% | Time: 74.08s
Ep 4/10 | Loss: 0.0597 | ValAcc: 98.49% | Time: 73.94s
Ep 5/10 | Loss: 0.0468 | ValAcc: 98.71% | Time: 74.06s
Ep 6/10 | Loss: 0.0388 | ValAcc: 98.84% | Time: 73.95s
Ep 7/10 | Loss: 0.0316 | ValAcc: 98.94% | Time: 74.01s
Ep 8/10 | Loss: 0.0271 | ValAcc: 98.89% | Time: 74.05s
Ep 9/10 | Loss: 0.0234 | ValAcc: 99.04% | Time: 74.05s
Ep 10/10 | Loss: 0.0191 | ValAcc: 99.09% | Time: 74.02s
TEST ACCURACY: 99.04%
Running: MNIST resnet18 BS=16 Opt=Adam LR=0.001 Ep=10
Ep 1/10 | Loss: 0.1352 | ValAcc: 98.40% | Time: 75.06s
Ep 2/10 | Loss: 0.0610 | ValAcc: 98.54% | Time: 74.48s
Ep 3/10 | Loss: 0.0426 | ValAcc: 98.83% | Time: 74.45s
Ep 4/10 | Loss: 0.0347 | ValAcc: 98.61% | Time: 74.47s
Ep 5/10 | Loss: 0.0258 | ValAcc: 99.20% | Time: 74.48s
Ep 6/10 | Loss: 0.0219 | ValAcc: 99.06% | Time: 74.49s
Ep 7/10 | Loss: 0.0193 | ValAcc: 99.00% | Time: 74.45s
Ep 8/10 | Loss: 0.0166 | ValAcc: 99.20% | Time: 74.50s
Ep 9/10 | Loss: 0.0127 | ValAcc: 99.00% | Time: 74.49s
Ep 10/10 | Loss: 0.0131 | ValAcc: 99.13% | Time: 74.43s
TEST ACCURACY: 99.11%
Running: MNIST resnet18 BS=16 Opt=Adam LR=0.0001 Ep=10
Ep 1/10 | Loss: 0.1269 | ValAcc: 98.71% | Time: 74.36s
Ep 2/10 | Loss: 0.0525 | ValAcc: 98.76% | Time: 74.02s
Ep 3/10 | Loss: 0.0383 | ValAcc: 98.61% | Time: 72.99s
Ep 4/10 | Loss: 0.0289 | ValAcc: 98.81% | Time: 72.17s
Ep 5/10 | Loss: 0.0218 | ValAcc: 99.13% | Time: 72.59s
Ep 6/10 | Loss: 0.0190 | ValAcc: 99.29% | Time: 73.39s
Ep 7/10 | Loss: 0.0162 | ValAcc: 99.24% | Time: 72.89s
Ep 8/10 | Loss: 0.0132 | ValAcc: 99.10% | Time: 72.45s
Ep 9/10 | Loss: 0.0124 | ValAcc: 99.29% | Time: 72.49s
Ep 10/10 | Loss: 0.0096 | ValAcc: 99.37% | Time: 72.53s
TEST ACCURACY: 99.41%
New best model saved for MNIST: 99.41%
Running: MNIST resnet18 BS=32 Opt=SGD LR=0.001 Ep=10
Ep 1/10 | Loss: 0.1842 | ValAcc: 98.06% | Time: 42.44s
Ep 2/10 | Loss: 0.0396 | ValAcc: 98.79% | Time: 41.78s
Ep 3/10 | Loss: 0.0214 | ValAcc: 98.99% | Time: 41.68s
Ep 4/10 | Loss: 0.0120 | ValAcc: 98.99% | Time: 41.63s
Ep 5/10 | Loss: 0.0071 | ValAcc: 99.01% | Time: 41.88s
Ep 6/10 | Loss: 0.0047 | ValAcc: 99.14% | Time: 41.69s
Ep 7/10 | Loss: 0.0028 | ValAcc: 99.13% | Time: 41.46s
Ep 8/10 | Loss: 0.0020 | ValAcc: 99.17% | Time: 41.74s
Ep 9/10 | Loss: 0.0018 | ValAcc: 99.11% | Time: 41.79s
Ep 10/10 | Loss: 0.0013 | ValAcc: 99.03% | Time: 41.52s
TEST ACCURACY: 99.18%
Running: MNIST resnet18 BS=32 Opt=SGD LR=0.0001 Ep=10
Ep 1/10 | Loss: 0.7301 | ValAcc: 94.57% | Time: 42.23s
Ep 2/10 | Loss: 0.1849 | ValAcc: 96.89% | Time: 41.61s
Ep 3/10 | Loss: 0.1172 | ValAcc: 97.43% | Time: 41.51s
Ep 4/10 | Loss: 0.0881 | ValAcc: 97.73% | Time: 41.50s
Ep 5/10 | Loss: 0.0701 | ValAcc: 98.00% | Time: 41.53s
Ep 6/10 | Loss: 0.0589 | ValAcc: 98.13% | Time: 41.24s
Ep 7/10 | Loss: 0.0484 | ValAcc: 98.07% | Time: 41.50s
Ep 8/10 | Loss: 0.0441 | ValAcc: 98.37% | Time: 41.23s
Ep 9/10 | Loss: 0.0370 | ValAcc: 98.46% | Time: 41.56s
Ep 10/10 | Loss: 0.0325 | ValAcc: 98.59% | Time: 41.54s
TEST ACCURACY: 98.69%
Running: MNIST resnet18 BS=32 Opt=Adam LR=0.001 Ep=10
Ep 1/10 | Loss: 0.1178 | ValAcc: 96.26% | Time: 43.66s
Ep 2/10 | Loss: 0.0560 | ValAcc: 98.64% | Time: 43.45s
Ep 3/10 | Loss: 0.0430 | ValAcc: 98.77% | Time: 43.09s
Ep 4/10 | Loss: 0.0334 | ValAcc: 98.93% | Time: 41.23s
Ep 5/10 | Loss: 0.0278 | ValAcc: 98.84% | Time: 42.47s
Ep 6/10 | Loss: 0.0231 | ValAcc: 99.11% | Time: 43.35s
Ep 7/10 | Loss: 0.0230 | ValAcc: 99.21% | Time: 43.26s
Ep 8/10 | Loss: 0.0166 | ValAcc: 99.11% | Time: 43.46s
Ep 9/10 | Loss: 0.0147 | ValAcc: 99.11% | Time: 43.51s
Ep 10/10 | Loss: 0.0120 | ValAcc: 99.30% | Time: 43.49s
TEST ACCURACY: 99.37%
Running: MNIST resnet18 BS=32 Opt=Adam LR=0.0001 Ep=10
Ep 1/10 | Loss: 0.1235 | ValAcc: 98.44% | Time: 44.35s
Ep 2/10 | Loss: 0.0421 | ValAcc: 98.84% | Time: 43.75s
Ep 3/10 | Loss: 0.0298 | ValAcc: 99.16% | Time: 43.90s
Ep 4/10 | Loss: 0.0246 | ValAcc: 99.13% | Time: 43.58s
Ep 5/10 | Loss: 0.0192 | ValAcc: 98.86% | Time: 39.18s
Ep 6/10 | Loss: 0.0172 | ValAcc: 99.00% | Time: 38.37s
Ep 7/10 | Loss: 0.0149 | ValAcc: 99.10% | Time: 38.06s
Ep 8/10 | Loss: 0.0113 | ValAcc: 99.01% | Time: 42.02s
Ep 9/10 | Loss: 0.0116 | ValAcc: 99.21% | Time: 42.84s
Ep 10/10 | Loss: 0.0098 | ValAcc: 97.90% | Time: 42.86s
TEST ACCURACY: 97.86%
Running: MNIST resnet50 BS=16 Opt=SGD LR=0.001 Ep=4
Ep 1/4 | Loss: 0.2840 | ValAcc: 97.51% | Time: 98.19s
Ep 2/4 | Loss: 0.0733 | ValAcc: 98.19% | Time: 94.46s
Ep 3/4 | Loss: 0.0391 | ValAcc: 98.70% | Time: 94.53s
Ep 4/4 | Loss: 0.0256 | ValAcc: 98.73% | Time: 94.45s
TEST ACCURACY: 98.79%
Running: MNIST resnet50 BS=16 Opt=SGD LR=0.0001 Ep=4
Ep 1/4 | Loss: 1.0478 | ValAcc: 92.59% | Time: 95.24s
Ep 2/4 | Loss: 0.2290 | ValAcc: 96.01% | Time: 94.54s
Ep 3/4 | Loss: 0.1366 | ValAcc: 96.97% | Time: 94.55s
Ep 4/4 | Loss: 0.0967 | ValAcc: 97.83% | Time: 94.48s
TEST ACCURACY: 97.61%
Running: MNIST resnet50 BS=16 Opt=Adam LR=0.001 Ep=4
Ep 1/4 | Loss: 0.2213 | ValAcc: 97.81% | Time: 108.77s
Ep 2/4 | Loss: 0.1004 | ValAcc: 97.81% | Time: 107.29s
Ep 3/4 | Loss: 0.0761 | ValAcc: 98.57% | Time: 105.77s
Ep 4/4 | Loss: 0.0549 | ValAcc: 98.24% | Time: 108.08s
TEST ACCURACY: 97.86%
Running: MNIST resnet50 BS=16 Opt=Adam LR=0.0001 Ep=4
Ep 1/4 | Loss: 0.3357 | ValAcc: 97.04% | Time: 109.98s
Ep 2/4 | Loss: 0.0977 | ValAcc: 97.81% | Time: 109.83s
Ep 3/4 | Loss: 0.0642 | ValAcc: 98.26% | Time: 109.90s
Ep 4/4 | Loss: 0.0523 | ValAcc: 98.73% | Time: 109.66s
TEST ACCURACY: 98.78%
Running: MNIST resnet50 BS=32 Opt=SGD LR=0.001 Ep=4
Ep 1/4 | Loss: 0.3507 | ValAcc: 97.99% | Time: 60.54s
Ep 2/4 | Loss: 0.0637 | ValAcc: 98.16% | Time: 57.43s
Ep 3/4 | Loss: 0.0341 | ValAcc: 98.54% | Time: 47.73s
Ep 4/4 | Loss: 0.0174 | ValAcc: 98.50% | Time: 47.82s
TEST ACCURACY: 98.65%
Running: MNIST resnet50 BS=32 Opt=SGD LR=0.0001 Ep=4
Ep 1/4 | Loss: 1.5205 | ValAcc: 85.81% | Time: 52.13s
Ep 2/4 | Loss: 0.3461 | ValAcc: 93.44% | Time: 51.63s
Ep 3/4 | Loss: 0.1861 | ValAcc: 95.41% | Time: 51.62s
Ep 4/4 | Loss: 0.1292 | ValAcc: 96.29% | Time: 51.83s
TEST ACCURACY: 96.51%
Running: MNIST resnet50 BS=32 Opt=Adam LR=0.001 Ep=4
Ep 1/4 | Loss: 0.2011 | ValAcc: 98.06% | Time: 62.51s
Ep 2/4 | Loss: 0.1021 | ValAcc: 98.34% | Time: 56.34s
Ep 3/4 | Loss: 0.0758 | ValAcc: 97.13% | Time: 56.19s
Ep 4/4 | Loss: 0.0533 | ValAcc: 97.99% | Time: 56.38s
TEST ACCURACY: 97.83%
Running: MNIST resnet50 BS=32 Opt=Adam LR=0.0001 Ep=4
Ep 1/4 | Loss: 0.3786 | ValAcc: 96.79% | Time: 57.35s
Ep 2/4 | Loss: 0.0896 | ValAcc: 98.01% | Time: 56.64s
Ep 3/4 | Loss: 0.0600 | ValAcc: 97.84% | Time: 56.74s
Ep 4/4 | Loss: 0.0486 | ValAcc: 98.17% | Time: 56.65s
TEST ACCURACY: 98.31%
Running: MNIST resnet50 BS=16 Opt=SGD LR=0.001 Ep=4
Ep 1/4 | Loss: 0.2914 | ValAcc: 97.40% | Time: 126.52s
Ep 2/4 | Loss: 0.0698 | ValAcc: 97.73% | Time: 125.88s
Ep 3/4 | Loss: 0.0371 | ValAcc: 98.71% | Time: 125.86s
Ep 4/4 | Loss: 0.0231 | ValAcc: 98.99% | Time: 125.88s
TEST ACCURACY: 99.09%
Running: MNIST resnet50 BS=16 Opt=SGD LR=0.0001 Ep=4
Ep 1/4 | Loss: 1.0129 | ValAcc: 93.24% | Time: 126.54s
Ep 2/4 | Loss: 0.1973 | ValAcc: 96.86% | Time: 125.88s
Ep 3/4 | Loss: 0.1170 | ValAcc: 97.77% | Time: 125.89s
Ep 4/4 | Loss: 0.0850 | ValAcc: 98.07% | Time: 126.01s
TEST ACCURACY: 97.74%
Running: MNIST resnet50 BS=16 Opt=Adam LR=0.001 Ep=4
Ep 1/4 | Loss: 0.2230 | ValAcc: 98.11% | Time: 128.37s
Ep 2/4 | Loss: 0.0951 | ValAcc: 98.13% | Time: 132.00s
Ep 3/4 | Loss: 0.0746 | ValAcc: 98.76% | Time: 130.41s
Ep 4/4 | Loss: 0.0731 | ValAcc: 98.01% | Time: 130.39s
TEST ACCURACY: 97.70%
Running: MNIST resnet50 BS=16 Opt=Adam LR=0.0001 Ep=4
Ep 1/4 | Loss: 0.3328 | ValAcc: 97.61% | Time: 130.63s
Ep 2/4 | Loss: 0.0911 | ValAcc: 98.39% | Time: 130.96s
Ep 3/4 | Loss: 0.0599 | ValAcc: 98.41% | Time: 130.38s
Ep 4/4 | Loss: 0.0499 | ValAcc: 99.00% | Time: 131.10s
TEST ACCURACY: 98.81%
Running: MNIST resnet50 BS=32 Opt=SGD LR=0.001 Ep=4
Ep 1/4 | Loss: 0.3541 | ValAcc: 97.49% | Time: 73.56s
Ep 2/4 | Loss: 0.0677 | ValAcc: 98.39% | Time: 72.68s
Ep 3/4 | Loss: 0.0356 | ValAcc: 98.50% | Time: 72.51s
Ep 4/4 | Loss: 0.0200 | ValAcc: 98.69% | Time: 73.23s
TEST ACCURACY: 98.68%
Running: MNIST resnet50 BS=32 Opt=SGD LR=0.0001 Ep=4
Ep 1/4 | Loss: 1.6386 | ValAcc: 82.34% | Time: 72.82s
Ep 2/4 | Loss: 0.4030 | ValAcc: 93.71% | Time: 67.66s
Ep 3/4 | Loss: 0.2017 | ValAcc: 95.60% | Time: 71.96s
Ep 4/4 | Loss: 0.1389 | ValAcc: 96.67% | Time: 71.65s
TEST ACCURACY: 96.37%
Running: MNIST resnet50 BS=32 Opt=Adam LR=0.001 Ep=4
Ep 1/4 | Loss: 0.2208 | ValAcc: 97.13% | Time: 78.83s
Ep 2/4 | Loss: 0.0722 | ValAcc: 98.44% | Time: 78.66s
Ep 3/4 | Loss: 0.0674 | ValAcc: 98.56% | Time: 78.36s
Ep 4/4 | Loss: 0.0689 | ValAcc: 98.96% | Time: 78.47s
TEST ACCURACY: 98.91%
Running: MNIST resnet50 BS=32 Opt=Adam LR=0.0001 Ep=4
Ep 1/4 | Loss: 0.4150 | ValAcc: 95.34% | Time: 74.19s
Ep 2/4 | Loss: 0.0983 | ValAcc: 97.64% | Time: 67.99s
Ep 3/4 | Loss: 0.0607 | ValAcc: 98.03% | Time: 70.38s
Ep 4/4 | Loss: 0.0502 | ValAcc: 98.09% | Time: 70.37s
TEST ACCURACY: 98.01%
Running: MNIST resnet50 BS=16 Opt=SGD LR=0.001 Ep=10
Ep 1/10 | Loss: 0.2969 | ValAcc: 97.86% | Time: 92.00s
Ep 2/10 | Loss: 0.0702 | ValAcc: 98.53% | Time: 94.48s
Ep 3/10 | Loss: 0.0401 | ValAcc: 98.87% | Time: 94.49s
Ep 4/10 | Loss: 0.0228 | ValAcc: 98.91% | Time: 94.48s
Ep 5/10 | Loss: 0.0154 | ValAcc: 98.97% | Time: 94.48s
Ep 6/10 | Loss: 0.0115 | ValAcc: 99.04% | Time: 94.56s
Ep 7/10 | Loss: 0.0087 | ValAcc: 98.97% | Time: 94.52s
Ep 8/10 | Loss: 0.0049 | ValAcc: 98.93% | Time: 94.48s
Ep 9/10 | Loss: 0.0049 | ValAcc: 99.07% | Time: 94.47s
Ep 10/10 | Loss: 0.0043 | ValAcc: 98.94% | Time: 94.47s
TEST ACCURACY: 99.14%
Running: MNIST resnet50 BS=16 Opt=SGD LR=0.0001 Ep=10
Ep 1/10 | Loss: 1.0164 | ValAcc: 92.74% | Time: 95.27s
Ep 2/10 | Loss: 0.1999 | ValAcc: 96.51% | Time: 94.51s
Ep 3/10 | Loss: 0.1199 | ValAcc: 97.46% | Time: 94.49s
Ep 4/10 | Loss: 0.0841 | ValAcc: 98.00% | Time: 94.44s
Ep 5/10 | Loss: 0.0615 | ValAcc: 98.14% | Time: 94.47s
Ep 6/10 | Loss: 0.0478 | ValAcc: 98.13% | Time: 94.52s
Ep 7/10 | Loss: 0.0345 | ValAcc: 98.43% | Time: 94.52s
Ep 8/10 | Loss: 0.0292 | ValAcc: 98.37% | Time: 94.49s
Ep 9/10 | Loss: 0.0221 | ValAcc: 98.60% | Time: 93.85s
Ep 10/10 | Loss: 0.0185 | ValAcc: 98.66% | Time: 88.34s
TEST ACCURACY: 98.54%
Running: MNIST resnet50 BS=16 Opt=Adam LR=0.001 Ep=10
Ep 1/10 | Loss: 0.2246 | ValAcc: 98.37% | Time: 96.78s
Ep 2/10 | Loss: 0.1021 | ValAcc: 98.10% | Time: 94.85s
Ep 3/10 | Loss: 0.0784 | ValAcc: 92.86% | Time: 95.14s
Ep 4/10 | Loss: 0.0585 | ValAcc: 98.80% | Time: 93.76s
Ep 5/10 | Loss: 0.0463 | ValAcc: 97.44% | Time: 93.80s
Ep 6/10 | Loss: 0.0395 | ValAcc: 99.09% | Time: 93.18s
Ep 7/10 | Loss: 0.0324 | ValAcc: 99.00% | Time: 93.16s
Ep 8/10 | Loss: 0.0254 | ValAcc: 99.04% | Time: 93.02s
Ep 9/10 | Loss: 0.0249 | ValAcc: 99.31% | Time: 93.39s
Ep 10/10 | Loss: 0.0185 | ValAcc: 98.80% | Time: 93.63s
TEST ACCURACY: 98.69%
Running: MNIST resnet50 BS=16 Opt=Adam LR=0.0001 Ep=10
Ep 1/10 | Loss: 0.3356 | ValAcc: 97.71% | Time: 96.01s
Ep 2/10 | Loss: 0.0902 | ValAcc: 98.46% | Time: 95.98s
Ep 3/10 | Loss: 0.0634 | ValAcc: 97.84% | Time: 95.67s
Ep 4/10 | Loss: 0.0506 | ValAcc: 98.57% | Time: 96.64s
Ep 5/10 | Loss: 0.0374 | ValAcc: 98.90% | Time: 104.95s
Ep 6/10 | Loss: 0.0297 | ValAcc: 98.73% | Time: 106.56s
Ep 7/10 | Loss: 0.0273 | ValAcc: 99.09% | Time: 106.69s
Ep 8/10 | Loss: 0.0203 | ValAcc: 99.06% | Time: 104.20s
Ep 9/10 | Loss: 0.0193 | ValAcc: 99.19% | Time: 99.83s
Ep 10/10 | Loss: 0.0164 | ValAcc: 99.13% | Time: 93.95s
TEST ACCURACY: 98.92%
Running: MNIST resnet50 BS=32 Opt=SGD LR=0.001 Ep=10
Ep 1/10 | Loss: 0.3651 | ValAcc: 97.16% | Time: 52.02s
Ep 2/10 | Loss: 0.0777 | ValAcc: 97.83% | Time: 51.27s
Ep 3/10 | Loss: 0.0413 | ValAcc: 98.33% | Time: 50.86s
Ep 4/10 | Loss: 0.0221 | ValAcc: 98.36% | Time: 51.32s
Ep 5/10 | Loss: 0.0144 | ValAcc: 98.59% | Time: 51.82s
Ep 6/10 | Loss: 0.0097 | ValAcc: 98.53% | Time: 51.24s
Ep 7/10 | Loss: 0.0079 | ValAcc: 98.70% | Time: 50.99s
Ep 8/10 | Loss: 0.0048 | ValAcc: 98.56% | Time: 51.03s
Ep 9/10 | Loss: 0.0044 | ValAcc: 98.77% | Time: 58.43s
Ep 10/10 | Loss: 0.0031 | ValAcc: 98.79% | Time: 59.81s
TEST ACCURACY: 98.96%
Running: MNIST resnet50 BS=32 Opt=SGD LR=0.0001 Ep=10
Ep 1/10 | Loss: 1.7237 | ValAcc: 82.16% | Time: 59.57s
Ep 2/10 | Loss: 0.4224 | ValAcc: 93.19% | Time: 59.10s
Ep 3/10 | Loss: 0.1998 | ValAcc: 95.70% | Time: 59.34s
Ep 4/10 | Loss: 0.1349 | ValAcc: 96.69% | Time: 58.92s
Ep 5/10 | Loss: 0.1034 | ValAcc: 97.39% | Time: 59.08s
Ep 6/10 | Loss: 0.0775 | ValAcc: 97.36% | Time: 59.12s
Ep 7/10 | Loss: 0.0619 | ValAcc: 97.81% | Time: 58.76s
Ep 8/10 | Loss: 0.0473 | ValAcc: 98.01% | Time: 59.02s
Ep 9/10 | Loss: 0.0379 | ValAcc: 97.99% | Time: 59.41s
Ep 10/10 | Loss: 0.0312 | ValAcc: 98.14% | Time: 58.28s
TEST ACCURACY: 98.15%
Running: MNIST resnet50 BS=32 Opt=Adam LR=0.001 Ep=10
Ep 1/10 | Loss: 0.2005 | ValAcc: 97.14% | Time: 57.74s
Ep 2/10 | Loss: 0.0983 | ValAcc: 98.14% | Time: 56.94s
Ep 3/10 | Loss: 0.0835 | ValAcc: 99.04% | Time: 59.15s
Ep 4/10 | Loss: 0.0562 | ValAcc: 98.51% | Time: 62.01s
Ep 5/10 | Loss: 0.0507 | ValAcc: 98.87% | Time: 62.62s
Ep 6/10 | Loss: 0.0500 | ValAcc: 98.76% | Time: 62.52s
Ep 7/10 | Loss: 0.0394 | ValAcc: 99.10% | Time: 62.56s
Ep 8/10 | Loss: 0.0278 | ValAcc: 98.81% | Time: 62.51s
Ep 9/10 | Loss: 0.0325 | ValAcc: 99.29% | Time: 62.66s
Ep 10/10 | Loss: 0.0236 | ValAcc: 99.20% | Time: 62.65s
TEST ACCURACY: 99.28%
Running: MNIST resnet50 BS=32 Opt=Adam LR=0.0001 Ep=10
Ep 1/10 | Loss: 0.3626 | ValAcc: 96.83% | Time: 49.71s
Ep 2/10 | Loss: 0.0960 | ValAcc: 98.27% | Time: 43.92s
Ep 3/10 | Loss: 0.0602 | ValAcc: 98.89% | Time: 42.31s
Ep 4/10 | Loss: 0.0475 | ValAcc: 98.89% | Time: 61.75s
Ep 5/10 | Loss: 0.0398 | ValAcc: 99.04% | Time: 62.12s
Ep 6/10 | Loss: 0.0315 | ValAcc: 98.89% | Time: 62.02s
Ep 7/10 | Loss: 0.0283 | ValAcc: 99.04% | Time: 62.01s
Ep 8/10 | Loss: 0.0238 | ValAcc: 99.09% | Time: 61.94s
Ep 9/10 | Loss: 0.0210 | ValAcc: 99.19% | Time: 61.96s
Ep 10/10 | Loss: 0.0191 | ValAcc: 99.37% | Time: 61.86s
TEST ACCURACY: 99.24%
Running: MNIST resnet50 BS=16 Opt=SGD LR=0.001 Ep=10
Ep 1/10 | Loss: 0.2623 | ValAcc: 97.01% | Time: 124.80s
Ep 2/10 | Loss: 0.0674 | ValAcc: 98.40% | Time: 124.14s
Ep 3/10 | Loss: 0.0423 | ValAcc: 98.53% | Time: 124.69s
Ep 4/10 | Loss: 0.0224 | ValAcc: 98.64% | Time: 124.17s
Ep 5/10 | Loss: 0.0174 | ValAcc: 98.76% | Time: 124.20s
Ep 6/10 | Loss: 0.0126 | ValAcc: 98.87% | Time: 124.11s
Ep 7/10 | Loss: 0.0098 | ValAcc: 98.94% | Time: 124.13s
Ep 8/10 | Loss: 0.0059 | ValAcc: 99.14% | Time: 124.11s
Ep 9/10 | Loss: 0.0034 | ValAcc: 99.01% | Time: 124.12s
Ep 10/10 | Loss: 0.0032 | ValAcc: 99.09% | Time: 124.07s
TEST ACCURACY: 99.40%
Running: MNIST resnet50 BS=16 Opt=SGD LR=0.0001 Ep=10
Ep 1/10 | Loss: 1.0761 | ValAcc: 93.01% | Time: 124.81s
Ep 2/10 | Loss: 0.2134 | ValAcc: 96.30% | Time: 124.53s
Ep 3/10 | Loss: 0.1235 | ValAcc: 97.57% | Time: 124.13s
Ep 4/10 | Loss: 0.0838 | ValAcc: 97.90% | Time: 124.12s
Ep 5/10 | Loss: 0.0626 | ValAcc: 98.30% | Time: 124.10s
Ep 6/10 | Loss: 0.0514 | ValAcc: 98.43% | Time: 124.11s
Ep 7/10 | Loss: 0.0375 | ValAcc: 98.57% | Time: 124.07s
Ep 8/10 | Loss: 0.0286 | ValAcc: 98.69% | Time: 124.05s
Ep 9/10 | Loss: 0.0229 | ValAcc: 98.63% | Time: 124.08s
Ep 10/10 | Loss: 0.0189 | ValAcc: 98.70% | Time: 124.06s
TEST ACCURACY: 98.56%
Running: MNIST resnet50 BS=16 Opt=Adam LR=0.001 Ep=10
Ep 1/10 | Loss: 0.2171 | ValAcc: 98.01% | Time: 134.44s
Ep 2/10 | Loss: 0.1064 | ValAcc: 98.46% | Time: 134.60s
Ep 3/10 | Loss: 0.0822 | ValAcc: 98.19% | Time: 134.07s
Ep 4/10 | Loss: 0.0537 | ValAcc: 98.64% | Time: 134.05s
Ep 5/10 | Loss: 0.0488 | ValAcc: 98.56% | Time: 134.07s
Ep 6/10 | Loss: 0.0390 | ValAcc: 98.87% | Time: 134.33s
Ep 7/10 | Loss: 0.0321 | ValAcc: 98.40% | Time: 133.88s
Ep 8/10 | Loss: 0.0259 | ValAcc: 98.96% | Time: 132.16s
Ep 9/10 | Loss: 0.0242 | ValAcc: 98.83% | Time: 124.91s
Ep 10/10 | Loss: 0.0188 | ValAcc: 98.99% | Time: 126.53s
TEST ACCURACY: 99.11%
Running: MNIST resnet50 BS=16 Opt=Adam LR=0.0001 Ep=10
Ep 1/10 | Loss: 0.3531 | ValAcc: 97.29% | Time: 127.62s
Ep 2/10 | Loss: 0.0947 | ValAcc: 97.74% | Time: 127.03s
Ep 3/10 | Loss: 0.0661 | ValAcc: 98.13% | Time: 126.80s
Ep 4/10 | Loss: 0.0487 | ValAcc: 98.61% | Time: 126.88s
Ep 5/10 | Loss: 0.0380 | ValAcc: 98.80% | Time: 126.87s
Ep 6/10 | Loss: 0.0301 | ValAcc: 98.63% | Time: 126.81s
Ep 7/10 | Loss: 0.0259 | ValAcc: 98.91% | Time: 132.10s
Ep 8/10 | Loss: 0.0212 | ValAcc: 98.67% | Time: 126.72s
Ep 9/10 | Loss: 0.0177 | ValAcc: 98.91% | Time: 126.64s
Ep 10/10 | Loss: 0.0157 | ValAcc: 98.94% | Time: 126.93s
TEST ACCURACY: 99.21%
Running: MNIST resnet50 BS=32 Opt=SGD LR=0.001 Ep=10
Ep 1/10 | Loss: 0.3450 | ValAcc: 97.37% | Time: 68.70s
Ep 2/10 | Loss: 0.0658 | ValAcc: 98.17% | Time: 67.99s
Ep 3/10 | Loss: 0.0361 | ValAcc: 98.46% | Time: 68.18s
Ep 4/10 | Loss: 0.0197 | ValAcc: 98.57% | Time: 68.14s
Ep 5/10 | Loss: 0.0129 | ValAcc: 98.73% | Time: 65.08s
Ep 6/10 | Loss: 0.0074 | ValAcc: 98.73% | Time: 65.48s
Ep 7/10 | Loss: 0.0046 | ValAcc: 99.14% | Time: 67.20s
Ep 8/10 | Loss: 0.0042 | ValAcc: 99.00% | Time: 66.83s
Ep 9/10 | Loss: 0.0034 | ValAcc: 98.99% | Time: 65.84s
Ep 10/10 | Loss: 0.0021 | ValAcc: 98.93% | Time: 65.51s
TEST ACCURACY: 99.09%
Running: MNIST resnet50 BS=32 Opt=SGD LR=0.0001 Ep=10
Ep 1/10 | Loss: 1.4854 | ValAcc: 85.79% | Time: 68.65s
Ep 2/10 | Loss: 0.3610 | ValAcc: 93.83% | Time: 67.54s
Ep 3/10 | Loss: 0.1970 | ValAcc: 95.57% | Time: 69.55s
Ep 4/10 | Loss: 0.1372 | ValAcc: 96.37% | Time: 73.78s
Ep 5/10 | Loss: 0.1042 | ValAcc: 97.04% | Time: 73.69s
Ep 6/10 | Loss: 0.0821 | ValAcc: 97.03% | Time: 72.87s
Ep 7/10 | Loss: 0.0645 | ValAcc: 97.56% | Time: 72.42s
Ep 8/10 | Loss: 0.0516 | ValAcc: 97.56% | Time: 73.14s
Ep 9/10 | Loss: 0.0430 | ValAcc: 97.70% | Time: 73.37s
Ep 10/10 | Loss: 0.0345 | ValAcc: 98.00% | Time: 72.85s
TEST ACCURACY: 97.70%
Running: MNIST resnet50 BS=32 Opt=Adam LR=0.001 Ep=10
Ep 1/10 | Loss: 0.2370 | ValAcc: 96.91% | Time: 78.26s
Ep 2/10 | Loss: 0.0795 | ValAcc: 97.99% | Time: 77.55s
Ep 3/10 | Loss: 0.0734 | ValAcc: 98.53% | Time: 77.54s
Ep 4/10 | Loss: 0.0725 | ValAcc: 98.67% | Time: 77.55s
Ep 5/10 | Loss: 0.0549 | ValAcc: 98.71% | Time: 75.77s
Ep 6/10 | Loss: 0.0417 | ValAcc: 98.56% | Time: 77.51s
Ep 7/10 | Loss: 0.0428 | ValAcc: 98.99% | Time: 77.54s
Ep 8/10 | Loss: 0.0305 | ValAcc: 98.99% | Time: 77.55s
Ep 9/10 | Loss: 0.0293 | ValAcc: 98.59% | Time: 77.56s
Ep 10/10 | Loss: 0.0297 | ValAcc: 99.13% | Time: 77.54s
TEST ACCURACY: 98.96%
Running: MNIST resnet50 BS=32 Opt=Adam LR=0.0001 Ep=10
Ep 1/10 | Loss: 0.3749 | ValAcc: 96.14% | Time: 74.43s
Ep 2/10 | Loss: 0.0947 | ValAcc: 98.11% | Time: 67.93s
Ep 3/10 | Loss: 0.0620 | ValAcc: 97.66% | Time: 71.02s
Ep 4/10 | Loss: 0.0487 | ValAcc: 98.31% | Time: 71.66s
Ep 5/10 | Loss: 0.0411 | ValAcc: 98.33% | Time: 73.47s
Ep 6/10 | Loss: 0.0328 | ValAcc: 98.79% | Time: 74.61s
Ep 7/10 | Loss: 0.0276 | ValAcc: 98.99% | Time: 74.19s
Ep 8/10 | Loss: 0.0259 | ValAcc: 98.86% | Time: 74.02s
Ep 9/10 | Loss: 0.0204 | ValAcc: 98.97% | Time: 74.07s
Ep 10/10 | Loss: 0.0161 | ValAcc: 98.86% | Time: 73.99s
TEST ACCURACY: 98.87%
Running: FashionMNIST resnet18 BS=16 Opt=SGD LR=0.001 Ep=4
Ep 1/4 | Loss: 0.4543 | ValAcc: 88.47% | Time: 47.92s
Ep 2/4 | Loss: 0.2884 | ValAcc: 90.34% | Time: 47.27s
Ep 3/4 | Loss: 0.2333 | ValAcc: 91.11% | Time: 46.92s
Ep 4/4 | Loss: 0.1908 | ValAcc: 91.50% | Time: 32.41s
TEST ACCURACY: 91.22%
New best model saved for FashionMNIST: 91.22%
Running: FashionMNIST resnet18 BS=16 Opt=SGD LR=0.0001 Ep=4
Ep 1/4 | Loss: 0.7343 | ValAcc: 84.70% | Time: 45.21s
Ep 2/4 | Loss: 0.4016 | ValAcc: 87.11% | Time: 32.54s
Ep 3/4 | Loss: 0.3345 | ValAcc: 88.54% | Time: 37.02s
Ep 4/4 | Loss: 0.2930 | ValAcc: 89.11% | Time: 47.27s
TEST ACCURACY: 89.67%
Running: FashionMNIST resnet18 BS=16 Opt=Adam LR=0.001 Ep=4
Ep 1/4 | Loss: 0.4299 | ValAcc: 89.67% | Time: 38.82s
Ep 2/4 | Loss: 0.2940 | ValAcc: 89.27% | Time: 36.02s
Ep 3/4 | Loss: 0.2464 | ValAcc: 91.24% | Time: 36.64s
Ep 4/4 | Loss: 0.2103 | ValAcc: 91.64% | Time: 36.88s
TEST ACCURACY: 91.43%
New best model saved for FashionMNIST: 91.43%
Running: FashionMNIST resnet18 BS=16 Opt=Adam LR=0.0001 Ep=4
Ep 1/4 | Loss: 0.4136 | ValAcc: 89.01% | Time: 37.40s
Ep 2/4 | Loss: 0.2725 | ValAcc: 91.39% | Time: 35.89s
Ep 3/4 | Loss: 0.2208 | ValAcc: 91.56% | Time: 37.10s
Ep 4/4 | Loss: 0.1835 | ValAcc: 91.61% | Time: 36.77s
TEST ACCURACY: 91.57%
New best model saved for FashionMNIST: 91.57%
Running: FashionMNIST resnet18 BS=32 Opt=SGD LR=0.001 Ep=4
Ep 1/4 | Loss: 0.4771 | ValAcc: 87.53% | Time: 25.88s
Ep 2/4 | Loss: 0.2872 | ValAcc: 89.77% | Time: 24.90s
Ep 3/4 | Loss: 0.2308 | ValAcc: 90.21% | Time: 24.90s
Ep 4/4 | Loss: 0.1909 | ValAcc: 91.67% | Time: 24.89s
TEST ACCURACY: 91.56%
Running: FashionMNIST resnet18 BS=32 Opt=SGD LR=0.0001 Ep=4
Ep 1/4 | Loss: 0.9034 | ValAcc: 81.87% | Time: 26.02s
Ep 2/4 | Loss: 0.4636 | ValAcc: 84.91% | Time: 24.81s
Ep 3/4 | Loss: 0.3780 | ValAcc: 86.73% | Time: 24.81s
Ep 4/4 | Loss: 0.3296 | ValAcc: 87.44% | Time: 24.75s
TEST ACCURACY: 88.46%
Running: FashionMNIST resnet18 BS=32 Opt=Adam LR=0.001 Ep=4
Ep 1/4 | Loss: 0.4080 | ValAcc: 89.11% | Time: 27.89s
Ep 2/4 | Loss: 0.2817 | ValAcc: 91.40% | Time: 26.43s
Ep 3/4 | Loss: 0.2378 | ValAcc: 91.36% | Time: 26.46s
Ep 4/4 | Loss: 0.2090 | ValAcc: 91.90% | Time: 26.49s
TEST ACCURACY: 90.93%
Running: FashionMNIST resnet18 BS=32 Opt=Adam LR=0.0001 Ep=4
Ep 1/4 | Loss: 0.3961 | ValAcc: 88.46% | Time: 27.94s
Ep 2/4 | Loss: 0.2557 | ValAcc: 90.11% | Time: 26.61s
Ep 3/4 | Loss: 0.2050 | ValAcc: 90.71% | Time: 26.63s
Ep 4/4 | Loss: 0.1678 | ValAcc: 90.54% | Time: 26.66s
TEST ACCURACY: 90.89%
Running: FashionMNIST resnet18 BS=16 Opt=SGD LR=0.001 Ep=4
Ep 1/4 | Loss: 0.4602 | ValAcc: 88.76% | Time: 73.67s
Ep 2/4 | Loss: 0.2877 | ValAcc: 90.71% | Time: 72.08s
Ep 3/4 | Loss: 0.2324 | ValAcc: 91.66% | Time: 73.44s
Ep 4/4 | Loss: 0.1936 | ValAcc: 91.61% | Time: 73.26s
TEST ACCURACY: 91.30%
Running: FashionMNIST resnet18 BS=16 Opt=SGD LR=0.0001 Ep=4
Ep 1/4 | Loss: 0.7376 | ValAcc: 85.09% | Time: 74.52s
Ep 2/4 | Loss: 0.4061 | ValAcc: 87.61% | Time: 73.88s
Ep 3/4 | Loss: 0.3363 | ValAcc: 88.64% | Time: 73.93s
Ep 4/4 | Loss: 0.2945 | ValAcc: 89.44% | Time: 74.01s
TEST ACCURACY: 89.54%
Running: FashionMNIST resnet18 BS=16 Opt=Adam LR=0.001 Ep=4
Ep 1/4 | Loss: 0.4366 | ValAcc: 86.37% | Time: 74.35s
Ep 2/4 | Loss: 0.2971 | ValAcc: 90.26% | Time: 73.90s
Ep 3/4 | Loss: 0.2473 | ValAcc: 91.56% | Time: 73.66s
Ep 4/4 | Loss: 0.2151 | ValAcc: 91.61% | Time: 73.69s
TEST ACCURACY: 92.06%
New best model saved for FashionMNIST: 92.06%
Running: FashionMNIST resnet18 BS=16 Opt=Adam LR=0.0001 Ep=4
Ep 1/4 | Loss: 0.4084 | ValAcc: 88.73% | Time: 75.38s
Ep 2/4 | Loss: 0.2706 | ValAcc: 89.87% | Time: 75.15s
Ep 3/4 | Loss: 0.2203 | ValAcc: 90.60% | Time: 75.09s
Ep 4/4 | Loss: 0.1831 | ValAcc: 91.37% | Time: 74.06s
TEST ACCURACY: 91.53%
Running: FashionMNIST resnet18 BS=32 Opt=SGD LR=0.001 Ep=4
Ep 1/4 | Loss: 0.4737 | ValAcc: 88.23% | Time: 41.20s
Ep 2/4 | Loss: 0.2864 | ValAcc: 89.94% | Time: 41.02s
Ep 3/4 | Loss: 0.2294 | ValAcc: 89.97% | Time: 41.83s
Ep 4/4 | Loss: 0.1876 | ValAcc: 90.53% | Time: 41.95s
TEST ACCURACY: 91.20%
Running: FashionMNIST resnet18 BS=32 Opt=SGD LR=0.0001 Ep=4
Ep 1/4 | Loss: 0.8828 | ValAcc: 83.31% | Time: 42.28s
Ep 2/4 | Loss: 0.4632 | ValAcc: 86.47% | Time: 41.66s
Ep 3/4 | Loss: 0.3796 | ValAcc: 88.50% | Time: 41.66s
Ep 4/4 | Loss: 0.3356 | ValAcc: 88.70% | Time: 41.69s
TEST ACCURACY: 88.04%
Running: FashionMNIST resnet18 BS=32 Opt=Adam LR=0.001 Ep=4
Ep 1/4 | Loss: 0.4061 | ValAcc: 86.56% | Time: 44.52s
Ep 2/4 | Loss: 0.2790 | ValAcc: 90.99% | Time: 43.88s
Ep 3/4 | Loss: 0.2393 | ValAcc: 91.24% | Time: 43.92s
Ep 4/4 | Loss: 0.2071 | ValAcc: 91.26% | Time: 43.53s
TEST ACCURACY: 91.71%
Running: FashionMNIST resnet18 BS=32 Opt=Adam LR=0.0001 Ep=4
Ep 1/4 | Loss: 0.4008 | ValAcc: 88.91% | Time: 44.41s
Ep 2/4 | Loss: 0.2542 | ValAcc: 89.63% | Time: 43.52s
Ep 3/4 | Loss: 0.2040 | ValAcc: 89.73% | Time: 43.84s
Ep 4/4 | Loss: 0.1642 | ValAcc: 91.10% | Time: 43.63s
TEST ACCURACY: 91.95%
Running: FashionMNIST resnet18 BS=16 Opt=SGD LR=0.001 Ep=10
Ep 1/10 | Loss: 0.4592 | ValAcc: 88.04% | Time: 47.89s
Ep 2/10 | Loss: 0.2893 | ValAcc: 89.66% | Time: 47.46s
Ep 3/10 | Loss: 0.2333 | ValAcc: 90.79% | Time: 36.07s
Ep 4/10 | Loss: 0.1943 | ValAcc: 91.50% | Time: 34.12s
Ep 5/10 | Loss: 0.1625 | ValAcc: 90.93% | Time: 32.40s
Ep 6/10 | Loss: 0.1367 | ValAcc: 91.74% | Time: 32.94s
Ep 7/10 | Loss: 0.1136 | ValAcc: 91.31% | Time: 33.81s
Ep 8/10 | Loss: 0.0941 | ValAcc: 91.66% | Time: 32.53s
Ep 9/10 | Loss: 0.0779 | ValAcc: 91.90% | Time: 32.44s
Ep 10/10 | Loss: 0.0632 | ValAcc: 91.81% | Time: 46.86s
TEST ACCURACY: 92.17%
New best model saved for FashionMNIST: 92.17%
Running: FashionMNIST resnet18 BS=16 Opt=SGD LR=0.0001 Ep=10
Ep 1/10 | Loss: 0.7308 | ValAcc: 84.13% | Time: 47.87s
Ep 2/10 | Loss: 0.3959 | ValAcc: 87.09% | Time: 47.69s
Ep 3/10 | Loss: 0.3293 | ValAcc: 88.51% | Time: 47.44s
Ep 4/10 | Loss: 0.2871 | ValAcc: 89.17% | Time: 45.15s
Ep 5/10 | Loss: 0.2553 | ValAcc: 89.84% | Time: 32.48s
Ep 6/10 | Loss: 0.2290 | ValAcc: 90.17% | Time: 47.02s
Ep 7/10 | Loss: 0.2026 | ValAcc: 90.51% | Time: 47.41s
Ep 8/10 | Loss: 0.1778 | ValAcc: 90.71% | Time: 44.83s
Ep 9/10 | Loss: 0.1558 | ValAcc: 90.74% | Time: 32.51s
Ep 10/10 | Loss: 0.1376 | ValAcc: 90.61% | Time: 46.96s
TEST ACCURACY: 91.17%
Running: FashionMNIST resnet18 BS=16 Opt=Adam LR=0.001 Ep=10
Ep 1/10 | Loss: 0.4270 | ValAcc: 89.27% | Time: 37.32s
Ep 2/10 | Loss: 0.2925 | ValAcc: 88.89% | Time: 35.69s
Ep 3/10 | Loss: 0.2475 | ValAcc: 89.84% | Time: 35.54s
Ep 4/10 | Loss: 0.2125 | ValAcc: 90.39% | Time: 35.62s
Ep 5/10 | Loss: 0.1843 | ValAcc: 91.77% | Time: 35.61s
Ep 6/10 | Loss: 0.1578 | ValAcc: 92.64% | Time: 35.57s
Ep 7/10 | Loss: 0.1325 | ValAcc: 92.74% | Time: 35.62s
Ep 8/10 | Loss: 0.1105 | ValAcc: 92.93% | Time: 35.53s
Ep 9/10 | Loss: 0.0898 | ValAcc: 93.09% | Time: 35.68s
Ep 10/10 | Loss: 0.0738 | ValAcc: 93.14% | Time: 35.65s
TEST ACCURACY: 92.80%
New best model saved for FashionMNIST: 92.80%
Running: FashionMNIST resnet18 BS=16 Opt=Adam LR=0.0001 Ep=10
Ep 1/10 | Loss: 0.4142 | ValAcc: 89.07% | Time: 37.24s
Ep 2/10 | Loss: 0.2731 | ValAcc: 90.66% | Time: 35.82s
Ep 3/10 | Loss: 0.2211 | ValAcc: 90.81% | Time: 36.41s
Ep 4/10 | Loss: 0.1864 | ValAcc: 91.66% | Time: 35.50s
Ep 5/10 | Loss: 0.1552 | ValAcc: 91.37% | Time: 35.43s
Ep 6/10 | Loss: 0.1272 | ValAcc: 91.74% | Time: 35.71s
Ep 7/10 | Loss: 0.1061 | ValAcc: 91.10% | Time: 35.41s
Ep 8/10 | Loss: 0.0897 | ValAcc: 91.60% | Time: 35.48s
Ep 9/10 | Loss: 0.0759 | ValAcc: 92.37% | Time: 35.62s
Ep 10/10 | Loss: 0.0654 | ValAcc: 91.70% | Time: 35.61s
TEST ACCURACY: 91.81%
Running: FashionMNIST resnet18 BS=32 Opt=SGD LR=0.001 Ep=10
Ep 1/10 | Loss: 0.4760 | ValAcc: 86.84% | Time: 26.61s
Ep 2/10 | Loss: 0.2925 | ValAcc: 89.24% | Time: 25.14s
Ep 3/10 | Loss: 0.2347 | ValAcc: 90.10% | Time: 25.21s
Ep 4/10 | Loss: 0.1974 | ValAcc: 90.96% | Time: 25.14s
Ep 5/10 | Loss: 0.1628 | ValAcc: 91.20% | Time: 25.19s
Ep 6/10 | Loss: 0.1366 | ValAcc: 91.03% | Time: 25.13s
Ep 7/10 | Loss: 0.1138 | ValAcc: 90.91% | Time: 25.14s
Ep 8/10 | Loss: 0.0922 | ValAcc: 91.50% | Time: 25.15s
Ep 9/10 | Loss: 0.0791 | ValAcc: 92.19% | Time: 25.10s
Ep 10/10 | Loss: 0.0655 | ValAcc: 91.81% | Time: 25.16s
TEST ACCURACY: 91.66%
Running: FashionMNIST resnet18 BS=32 Opt=SGD LR=0.0001 Ep=10
Ep 1/10 | Loss: 0.8836 | ValAcc: 81.93% | Time: 26.18s
Ep 2/10 | Loss: 0.4662 | ValAcc: 85.41% | Time: 24.79s
Ep 3/10 | Loss: 0.3823 | ValAcc: 87.27% | Time: 25.53s
Ep 4/10 | Loss: 0.3347 | ValAcc: 87.83% | Time: 24.76s
Ep 5/10 | Loss: 0.3019 | ValAcc: 88.50% | Time: 24.70s
Ep 6/10 | Loss: 0.2744 | ValAcc: 88.99% | Time: 24.64s
Ep 7/10 | Loss: 0.2509 | ValAcc: 89.64% | Time: 24.76s
Ep 8/10 | Loss: 0.2270 | ValAcc: 89.81% | Time: 24.55s
Ep 9/10 | Loss: 0.2094 | ValAcc: 89.79% | Time: 24.69s
Ep 10/10 | Loss: 0.1900 | ValAcc: 90.13% | Time: 24.67s
TEST ACCURACY: 90.06%
Running: FashionMNIST resnet18 BS=32 Opt=Adam LR=0.001 Ep=10
Ep 1/10 | Loss: 0.4133 | ValAcc: 87.63% | Time: 27.53s
Ep 2/10 | Loss: 0.2832 | ValAcc: 90.00% | Time: 26.09s
Ep 3/10 | Loss: 0.2409 | ValAcc: 91.11% | Time: 26.10s
Ep 4/10 | Loss: 0.2119 | ValAcc: 91.57% | Time: 26.12s
Ep 5/10 | Loss: 0.1831 | ValAcc: 90.74% | Time: 26.04s
Ep 6/10 | Loss: 0.1582 | ValAcc: 91.76% | Time: 26.09s
Ep 7/10 | Loss: 0.1388 | ValAcc: 92.29% | Time: 26.08s
Ep 8/10 | Loss: 0.1129 | ValAcc: 91.64% | Time: 26.06s
Ep 9/10 | Loss: 0.0978 | ValAcc: 92.50% | Time: 26.11s
Ep 10/10 | Loss: 0.0773 | ValAcc: 92.71% | Time: 26.10s
TEST ACCURACY: 92.84%
New best model saved for FashionMNIST: 92.84%
Running: FashionMNIST resnet18 BS=32 Opt=Adam LR=0.0001 Ep=10
Ep 1/10 | Loss: 0.4022 | ValAcc: 89.37% | Time: 27.45s
Ep 2/10 | Loss: 0.2634 | ValAcc: 90.91% | Time: 26.21s
Ep 3/10 | Loss: 0.2078 | ValAcc: 91.24% | Time: 26.16s
Ep 4/10 | Loss: 0.1687 | ValAcc: 90.84% | Time: 26.18s
Ep 5/10 | Loss: 0.1397 | ValAcc: 91.93% | Time: 26.20s
Ep 6/10 | Loss: 0.1141 | ValAcc: 91.13% | Time: 26.23s
Ep 7/10 | Loss: 0.0953 | ValAcc: 91.51% | Time: 26.18s
Ep 8/10 | Loss: 0.0769 | ValAcc: 91.13% | Time: 26.13s
Ep 9/10 | Loss: 0.0691 | ValAcc: 91.34% | Time: 26.17s
Ep 10/10 | Loss: 0.0599 | ValAcc: 92.37% | Time: 26.18s
TEST ACCURACY: 91.95%
Running: FashionMNIST resnet18 BS=16 Opt=SGD LR=0.001 Ep=10
Ep 1/10 | Loss: 0.4599 | ValAcc: 88.51% | Time: 74.18s
Ep 2/10 | Loss: 0.2884 | ValAcc: 90.11% | Time: 73.62s
Ep 3/10 | Loss: 0.2341 | ValAcc: 91.03% | Time: 73.78s
Ep 4/10 | Loss: 0.1962 | ValAcc: 91.51% | Time: 73.79s
Ep 5/10 | Loss: 0.1663 | ValAcc: 91.39% | Time: 73.62s
Ep 6/10 | Loss: 0.1378 | ValAcc: 91.74% | Time: 73.66s
Ep 7/10 | Loss: 0.1189 | ValAcc: 91.70% | Time: 73.74s
Ep 8/10 | Loss: 0.0991 | ValAcc: 91.49% | Time: 73.65s
Ep 9/10 | Loss: 0.0805 | ValAcc: 91.80% | Time: 73.77s
Ep 10/10 | Loss: 0.0687 | ValAcc: 92.26% | Time: 73.73s
TEST ACCURACY: 92.04%
Running: FashionMNIST resnet18 BS=16 Opt=SGD LR=0.0001 Ep=10
Ep 1/10 | Loss: 0.7202 | ValAcc: 85.96% | Time: 75.41s
Ep 2/10 | Loss: 0.3980 | ValAcc: 88.34% | Time: 74.81s
Ep 3/10 | Loss: 0.3292 | ValAcc: 89.31% | Time: 74.77s
Ep 4/10 | Loss: 0.2870 | ValAcc: 90.07% | Time: 74.91s
Ep 5/10 | Loss: 0.2533 | ValAcc: 90.41% | Time: 74.88s
Ep 6/10 | Loss: 0.2276 | ValAcc: 90.69% | Time: 74.40s
Ep 7/10 | Loss: 0.2032 | ValAcc: 90.80% | Time: 73.20s
Ep 8/10 | Loss: 0.1818 | ValAcc: 91.09% | Time: 74.07s
Ep 9/10 | Loss: 0.1599 | ValAcc: 91.34% | Time: 74.38s
Ep 10/10 | Loss: 0.1407 | ValAcc: 91.69% | Time: 73.94s
TEST ACCURACY: 91.51%
Running: FashionMNIST resnet18 BS=16 Opt=Adam LR=0.001 Ep=10
Ep 1/10 | Loss: 0.4290 | ValAcc: 89.11% | Time: 74.47s
Ep 2/10 | Loss: 0.2937 | ValAcc: 91.11% | Time: 73.96s
Ep 3/10 | Loss: 0.2455 | ValAcc: 91.51% | Time: 73.92s
Ep 4/10 | Loss: 0.2144 | ValAcc: 91.99% | Time: 73.76s
Ep 5/10 | Loss: 0.1852 | ValAcc: 91.89% | Time: 73.83s
Ep 6/10 | Loss: 0.1601 | ValAcc: 92.89% | Time: 74.02s
Ep 7/10 | Loss: 0.1360 | ValAcc: 93.47% | Time: 73.93s
Ep 8/10 | Loss: 0.1125 | ValAcc: 93.07% | Time: 73.91s
Ep 9/10 | Loss: 0.0961 | ValAcc: 93.61% | Time: 73.85s
Ep 10/10 | Loss: 0.0785 | ValAcc: 92.41% | Time: 73.94s
TEST ACCURACY: 92.49%
Running: FashionMNIST resnet18 BS=16 Opt=Adam LR=0.0001 Ep=10
Ep 1/10 | Loss: 0.4108 | ValAcc: 88.93% | Time: 73.64s
Ep 2/10 | Loss: 0.2714 | ValAcc: 91.31% | Time: 72.93s
Ep 3/10 | Loss: 0.2226 | ValAcc: 91.34% | Time: 72.75s
Ep 4/10 | Loss: 0.1839 | ValAcc: 91.86% | Time: 72.83s
Ep 5/10 | Loss: 0.1523 | ValAcc: 92.30% | Time: 72.83s
Ep 6/10 | Loss: 0.1270 | ValAcc: 92.17% | Time: 72.67s
Ep 7/10 | Loss: 0.1038 | ValAcc: 91.54% | Time: 72.92s
Ep 8/10 | Loss: 0.0871 | ValAcc: 92.13% | Time: 73.61s
Ep 9/10 | Loss: 0.0750 | ValAcc: 92.53% | Time: 74.05s
Ep 10/10 | Loss: 0.0655 | ValAcc: 92.23% | Time: 73.85s
TEST ACCURACY: 92.24%
Running: FashionMNIST resnet18 BS=32 Opt=SGD LR=0.001 Ep=10
Ep 1/10 | Loss: 0.4742 | ValAcc: 88.04% | Time: 43.43s
Ep 2/10 | Loss: 0.2925 | ValAcc: 90.13% | Time: 42.56s
Ep 3/10 | Loss: 0.2363 | ValAcc: 91.40% | Time: 42.71s
Ep 4/10 | Loss: 0.1929 | ValAcc: 91.73% | Time: 41.52s
Ep 5/10 | Loss: 0.1599 | ValAcc: 91.71% | Time: 37.51s
Ep 6/10 | Loss: 0.1379 | ValAcc: 91.84% | Time: 37.20s
Ep 7/10 | Loss: 0.1099 | ValAcc: 91.43% | Time: 37.59s
Ep 8/10 | Loss: 0.0887 | ValAcc: 92.36% | Time: 38.90s
Ep 9/10 | Loss: 0.0723 | ValAcc: 90.24% | Time: 40.39s
Ep 10/10 | Loss: 0.0656 | ValAcc: 92.54% | Time: 41.65s
TEST ACCURACY: 91.79%
Running: FashionMNIST resnet18 BS=32 Opt=SGD LR=0.0001 Ep=10
Ep 1/10 | Loss: 0.8989 | ValAcc: 81.81% | Time: 42.39s
Ep 2/10 | Loss: 0.4669 | ValAcc: 85.29% | Time: 41.75s
Ep 3/10 | Loss: 0.3850 | ValAcc: 86.80% | Time: 41.93s
Ep 4/10 | Loss: 0.3355 | ValAcc: 88.07% | Time: 42.03s
Ep 5/10 | Loss: 0.2987 | ValAcc: 88.40% | Time: 41.77s
Ep 6/10 | Loss: 0.2713 | ValAcc: 89.00% | Time: 41.61s
Ep 7/10 | Loss: 0.2497 | ValAcc: 89.26% | Time: 42.12s
Ep 8/10 | Loss: 0.2282 | ValAcc: 89.63% | Time: 41.87s
Ep 9/10 | Loss: 0.2083 | ValAcc: 89.77% | Time: 42.17s
Ep 10/10 | Loss: 0.1879 | ValAcc: 89.83% | Time: 41.90s
TEST ACCURACY: 90.17%
Running: FashionMNIST resnet18 BS=32 Opt=Adam LR=0.001 Ep=10
Ep 1/10 | Loss: 0.4109 | ValAcc: 89.09% | Time: 44.38s
Ep 2/10 | Loss: 0.2801 | ValAcc: 89.61% | Time: 43.78s
Ep 3/10 | Loss: 0.2360 | ValAcc: 91.07% | Time: 44.14s
Ep 4/10 | Loss: 0.2045 | ValAcc: 90.84% | Time: 43.84s
Ep 5/10 | Loss: 0.1823 | ValAcc: 91.79% | Time: 43.77s
Ep 6/10 | Loss: 0.1554 | ValAcc: 91.83% | Time: 44.11s
Ep 7/10 | Loss: 0.1328 | ValAcc: 92.36% | Time: 43.78s
Ep 8/10 | Loss: 0.1107 | ValAcc: 92.77% | Time: 43.74s
Ep 9/10 | Loss: 0.0915 | ValAcc: 92.40% | Time: 43.95s
Ep 10/10 | Loss: 0.0771 | ValAcc: 92.60% | Time: 44.15s
TEST ACCURACY: 92.72%
Running: FashionMNIST resnet18 BS=32 Opt=Adam LR=0.0001 Ep=10
Ep 1/10 | Loss: 0.4052 | ValAcc: 89.24% | Time: 44.20s
Ep 2/10 | Loss: 0.2636 | ValAcc: 90.36% | Time: 43.76s
Ep 3/10 | Loss: 0.2115 | ValAcc: 90.33% | Time: 43.78s
Ep 4/10 | Loss: 0.1711 | ValAcc: 91.74% | Time: 43.76s
Ep 5/10 | Loss: 0.1396 | ValAcc: 91.69% | Time: 43.94s
Ep 6/10 | Loss: 0.1143 | ValAcc: 91.53% | Time: 44.14s
Ep 7/10 | Loss: 0.0949 | ValAcc: 91.64% | Time: 43.98s
Ep 8/10 | Loss: 0.0798 | ValAcc: 91.57% | Time: 44.08s
Ep 9/10 | Loss: 0.0675 | ValAcc: 91.76% | Time: 44.09s
Ep 10/10 | Loss: 0.0576 | ValAcc: 91.61% | Time: 44.12s
TEST ACCURACY: 91.59%
Running: FashionMNIST resnet50 BS=16 Opt=SGD LR=0.001 Ep=4
Ep 1/4 | Loss: 0.7207 | ValAcc: 84.79% | Time: 95.22s
Ep 2/4 | Loss: 0.4049 | ValAcc: 86.54% | Time: 94.49s
Ep 3/4 | Loss: 0.3184 | ValAcc: 86.97% | Time: 94.48s
Ep 4/4 | Loss: 0.2715 | ValAcc: 88.47% | Time: 94.44s
TEST ACCURACY: 90.15%
Running: FashionMNIST resnet50 BS=16 Opt=SGD LR=0.0001 Ep=4
Ep 1/4 | Loss: 1.1575 | ValAcc: 77.81% | Time: 93.54s
Ep 2/4 | Loss: 0.5967 | ValAcc: 81.94% | Time: 89.07s
Ep 3/4 | Loss: 0.4956 | ValAcc: 84.46% | Time: 94.57s
Ep 4/4 | Loss: 0.4369 | ValAcc: 85.07% | Time: 95.02s
TEST ACCURACY: 84.85%
Running: FashionMNIST resnet50 BS=16 Opt=Adam LR=0.001 Ep=4
Ep 1/4 | Loss: 0.5723 | ValAcc: 87.03% | Time: 100.60s
Ep 2/4 | Loss: 0.3815 | ValAcc: 87.06% | Time: 95.64s
Ep 3/4 | Loss: 0.3125 | ValAcc: 90.70% | Time: 94.57s
Ep 4/4 | Loss: 0.2782 | ValAcc: 90.89% | Time: 94.56s
TEST ACCURACY: 91.23%
Running: FashionMNIST resnet50 BS=16 Opt=Adam LR=0.0001 Ep=4
Ep 1/4 | Loss: 0.6839 | ValAcc: 82.80% | Time: 109.11s
Ep 2/4 | Loss: 0.4078 | ValAcc: 87.11% | Time: 108.69s
Ep 3/4 | Loss: 0.3337 | ValAcc: 89.30% | Time: 108.82s
Ep 4/4 | Loss: 0.2810 | ValAcc: 89.27% | Time: 106.43s
TEST ACCURACY: 89.03%
Running: FashionMNIST resnet50 BS=32 Opt=SGD LR=0.001 Ep=4
Ep 1/4 | Loss: 0.7563 | ValAcc: 82.54% | Time: 59.81s
Ep 2/4 | Loss: 0.4346 | ValAcc: 85.17% | Time: 60.00s
Ep 3/4 | Loss: 0.3540 | ValAcc: 88.79% | Time: 60.19s
Ep 4/4 | Loss: 0.2963 | ValAcc: 89.23% | Time: 50.91s
TEST ACCURACY: 89.81%
Running: FashionMNIST resnet50 BS=32 Opt=SGD LR=0.0001 Ep=4
Ep 1/4 | Loss: 1.5734 | ValAcc: 65.64% | Time: 59.96s
Ep 2/4 | Loss: 0.7604 | ValAcc: 77.04% | Time: 60.73s
Ep 3/4 | Loss: 0.5887 | ValAcc: 80.31% | Time: 60.87s
Ep 4/4 | Loss: 0.5073 | ValAcc: 82.86% | Time: 50.40s
TEST ACCURACY: 83.15%
Running: FashionMNIST resnet50 BS=32 Opt=Adam LR=0.001 Ep=4
Ep 1/4 | Loss: 0.5344 | ValAcc: 86.94% | Time: 40.38s
Ep 2/4 | Loss: 0.3740 | ValAcc: 82.33% | Time: 61.14s
Ep 3/4 | Loss: 0.2945 | ValAcc: 90.37% | Time: 63.02s
Ep 4/4 | Loss: 0.3267 | ValAcc: 85.51% | Time: 57.09s
TEST ACCURACY: 86.16%
Running: FashionMNIST resnet50 BS=32 Opt=Adam LR=0.0001 Ep=4
Ep 1/4 | Loss: 0.7314 | ValAcc: 80.41% | Time: 62.27s
Ep 2/4 | Loss: 0.4431 | ValAcc: 86.24% | Time: 62.55s
Ep 3/4 | Loss: 0.3598 | ValAcc: 89.03% | Time: 62.64s
Ep 4/4 | Loss: 0.3092 | ValAcc: 88.77% | Time: 62.21s
TEST ACCURACY: 88.29%
Running: FashionMNIST resnet50 BS=16 Opt=SGD LR=0.001 Ep=4
Ep 1/4 | Loss: 0.7379 | ValAcc: 83.00% | Time: 125.19s
Ep 2/4 | Loss: 0.4026 | ValAcc: 87.21% | Time: 124.23s
Ep 3/4 | Loss: 0.3231 | ValAcc: 89.56% | Time: 124.17s
Ep 4/4 | Loss: 0.2687 | ValAcc: 90.03% | Time: 124.15s
TEST ACCURACY: 90.34%
Running: FashionMNIST resnet50 BS=16 Opt=SGD LR=0.0001 Ep=4
Ep 1/4 | Loss: 1.3680 | ValAcc: 74.87% | Time: 124.85s
Ep 2/4 | Loss: 0.6253 | ValAcc: 80.69% | Time: 125.02s
Ep 3/4 | Loss: 0.5153 | ValAcc: 83.79% | Time: 124.28s
Ep 4/4 | Loss: 0.4507 | ValAcc: 85.36% | Time: 124.08s
TEST ACCURACY: 85.41%
Running: FashionMNIST resnet50 BS=16 Opt=Adam LR=0.001 Ep=4
Ep 1/4 | Loss: 0.5785 | ValAcc: 83.93% | Time: 133.45s
Ep 2/4 | Loss: 0.3635 | ValAcc: 88.59% | Time: 131.63s
Ep 3/4 | Loss: 0.3164 | ValAcc: 89.87% | Time: 131.36s
Ep 4/4 | Loss: 0.2730 | ValAcc: 89.89% | Time: 125.70s
TEST ACCURACY: 90.06%
Running: FashionMNIST resnet50 BS=16 Opt=Adam LR=0.0001 Ep=4
Ep 1/4 | Loss: 0.7133 | ValAcc: 83.64% | Time: 126.80s
Ep 2/4 | Loss: 0.4172 | ValAcc: 87.40% | Time: 131.01s
Ep 3/4 | Loss: 0.3314 | ValAcc: 89.59% | Time: 131.99s
Ep 4/4 | Loss: 0.2838 | ValAcc: 89.76% | Time: 124.86s
TEST ACCURACY: 89.66%
Running: FashionMNIST resnet50 BS=32 Opt=SGD LR=0.001 Ep=4
Ep 1/4 | Loss: 0.7500 | ValAcc: 84.17% | Time: 73.46s
Ep 2/4 | Loss: 0.4275 | ValAcc: 86.77% | Time: 72.55s
Ep 3/4 | Loss: 0.3497 | ValAcc: 88.06% | Time: 72.20s
Ep 4/4 | Loss: 0.2897 | ValAcc: 90.24% | Time: 72.23s
TEST ACCURACY: 90.22%
Running: FashionMNIST resnet50 BS=32 Opt=SGD LR=0.0001 Ep=4
Ep 1/4 | Loss: 1.5341 | ValAcc: 69.86% | Time: 73.67s
Ep 2/4 | Loss: 0.7726 | ValAcc: 77.51% | Time: 65.19s
Ep 3/4 | Loss: 0.5980 | ValAcc: 80.83% | Time: 64.52s
Ep 4/4 | Loss: 0.5130 | ValAcc: 83.77% | Time: 69.47s
TEST ACCURACY: 82.79%
Running: FashionMNIST resnet50 BS=32 Opt=Adam LR=0.001 Ep=4
Ep 1/4 | Loss: 0.5594 | ValAcc: 87.64% | Time: 75.11s
Ep 2/4 | Loss: 0.3311 | ValAcc: 85.74% | Time: 77.56s
Ep 3/4 | Loss: 0.3851 | ValAcc: 88.86% | Time: 77.58s
Ep 4/4 | Loss: 0.3047 | ValAcc: 89.83% | Time: 75.05s
TEST ACCURACY: 89.56%
Running: FashionMNIST resnet50 BS=32 Opt=Adam LR=0.0001 Ep=4
Ep 1/4 | Loss: 0.7181 | ValAcc: 82.20% | Time: 69.09s
Ep 2/4 | Loss: 0.4360 | ValAcc: 87.09% | Time: 68.83s
Ep 3/4 | Loss: 0.3622 | ValAcc: 88.40% | Time: 69.00s
Ep 4/4 | Loss: 0.3085 | ValAcc: 88.10% | Time: 68.98s
TEST ACCURACY: 89.01%
Running: FashionMNIST resnet50 BS=16 Opt=SGD LR=0.001 Ep=10
Ep 1/10 | Loss: 0.7440 | ValAcc: 84.69% | Time: 92.38s
Ep 2/10 | Loss: 0.4124 | ValAcc: 87.87% | Time: 92.90s
Ep 3/10 | Loss: 0.3209 | ValAcc: 89.30% | Time: 89.76s
Ep 4/10 | Loss: 0.2714 | ValAcc: 89.40% | Time: 89.59s
Ep 5/10 | Loss: 0.2341 | ValAcc: 90.79% | Time: 92.19s
Ep 6/10 | Loss: 0.2061 | ValAcc: 90.50% | Time: 93.13s
Ep 7/10 | Loss: 0.1810 | ValAcc: 91.89% | Time: 93.10s
Ep 8/10 | Loss: 0.1640 | ValAcc: 91.36% | Time: 92.65s
Ep 9/10 | Loss: 0.1453 | ValAcc: 91.41% | Time: 93.20s
Ep 10/10 | Loss: 0.1280 | ValAcc: 91.69% | Time: 93.10s
TEST ACCURACY: 91.84%
Running: FashionMNIST resnet50 BS=16 Opt=SGD LR=0.0001 Ep=10
Ep 1/10 | Loss: 1.1404 | ValAcc: 76.34% | Time: 92.08s
Ep 2/10 | Loss: 0.6081 | ValAcc: 81.24% | Time: 93.18s
Ep 3/10 | Loss: 0.5124 | ValAcc: 83.27% | Time: 92.65s
Ep 4/10 | Loss: 0.4529 | ValAcc: 84.97% | Time: 93.22s
Ep 5/10 | Loss: 0.4066 | ValAcc: 86.49% | Time: 93.14s
Ep 6/10 | Loss: 0.3751 | ValAcc: 86.26% | Time: 89.96s
Ep 7/10 | Loss: 0.3461 | ValAcc: 86.94% | Time: 93.18s
Ep 8/10 | Loss: 0.3254 | ValAcc: 87.16% | Time: 92.73s
Ep 9/10 | Loss: 0.3001 | ValAcc: 87.99% | Time: 93.19s
Ep 10/10 | Loss: 0.2801 | ValAcc: 88.27% | Time: 93.27s
TEST ACCURACY: 88.59%
Running: FashionMNIST resnet50 BS=16 Opt=Adam LR=0.001 Ep=10
Ep 1/10 | Loss: 0.5615 | ValAcc: 85.57% | Time: 109.81s
Ep 2/10 | Loss: 0.3887 | ValAcc: 86.44% | Time: 108.05s
Ep 3/10 | Loss: 0.3244 | ValAcc: 88.46% | Time: 106.63s
Ep 4/10 | Loss: 0.2781 | ValAcc: 89.90% | Time: 97.65s
Ep 5/10 | Loss: 0.2477 | ValAcc: 90.20% | Time: 95.81s
Ep 6/10 | Loss: 0.2193 | ValAcc: 91.26% | Time: 95.31s
Ep 7/10 | Loss: 0.1977 | ValAcc: 91.30% | Time: 95.42s
Ep 8/10 | Loss: 0.1785 | ValAcc: 91.86% | Time: 96.40s
Ep 9/10 | Loss: 0.1570 | ValAcc: 92.61% | Time: 92.92s
Ep 10/10 | Loss: 0.1413 | ValAcc: 92.57% | Time: 92.71s
TEST ACCURACY: 92.91%
New best model saved for FashionMNIST: 92.91%
Running: FashionMNIST resnet50 BS=16 Opt=Adam LR=0.0001 Ep=10
Ep 1/10 | Loss: 0.6965 | ValAcc: 84.20% | Time: 92.44s
Ep 2/10 | Loss: 0.4179 | ValAcc: 86.47% | Time: 92.22s
Ep 3/10 | Loss: 0.3333 | ValAcc: 88.57% | Time: 93.85s
Ep 4/10 | Loss: 0.2809 | ValAcc: 89.76% | Time: 92.49s
Ep 5/10 | Loss: 0.2459 | ValAcc: 91.29% | Time: 93.04s
Ep 6/10 | Loss: 0.2108 | ValAcc: 91.91% | Time: 92.73s
Ep 7/10 | Loss: 0.1837 | ValAcc: 91.23% | Time: 93.68s
Ep 8/10 | Loss: 0.1595 | ValAcc: 92.24% | Time: 95.69s
Ep 9/10 | Loss: 0.1317 | ValAcc: 91.93% | Time: 91.53s
Ep 10/10 | Loss: 0.1159 | ValAcc: 92.19% | Time: 93.09s
TEST ACCURACY: 92.39%
Running: FashionMNIST resnet50 BS=32 Opt=SGD LR=0.001 Ep=10
Ep 1/10 | Loss: 0.7369 | ValAcc: 83.17% | Time: 47.84s
Ep 2/10 | Loss: 0.4423 | ValAcc: 85.67% | Time: 46.85s
Ep 3/10 | Loss: 0.3549 | ValAcc: 88.63% | Time: 46.84s
Ep 4/10 | Loss: 0.2996 | ValAcc: 88.56% | Time: 46.90s
Ep 5/10 | Loss: 0.2563 | ValAcc: 88.81% | Time: 47.08s
Ep 6/10 | Loss: 0.2247 | ValAcc: 89.06% | Time: 47.67s
Ep 7/10 | Loss: 0.1959 | ValAcc: 90.01% | Time: 43.37s
Ep 8/10 | Loss: 0.1758 | ValAcc: 90.06% | Time: 43.18s
Ep 9/10 | Loss: 0.1588 | ValAcc: 90.79% | Time: 47.89s
Ep 10/10 | Loss: 0.1357 | ValAcc: 90.01% | Time: 47.72s
TEST ACCURACY: 89.79%
Running: FashionMNIST resnet50 BS=32 Opt=SGD LR=0.0001 Ep=10
Ep 1/10 | Loss: 1.5161 | ValAcc: 69.96% | Time: 47.51s
Ep 2/10 | Loss: 0.7409 | ValAcc: 77.97% | Time: 46.74s
Ep 3/10 | Loss: 0.5888 | ValAcc: 81.31% | Time: 47.55s
Ep 4/10 | Loss: 0.5050 | ValAcc: 83.40% | Time: 48.47s
Ep 5/10 | Loss: 0.4570 | ValAcc: 84.74% | Time: 49.29s
Ep 6/10 | Loss: 0.4204 | ValAcc: 85.44% | Time: 47.20s
Ep 7/10 | Loss: 0.3872 | ValAcc: 86.43% | Time: 47.26s
Ep 8/10 | Loss: 0.3597 | ValAcc: 86.79% | Time: 47.95s
Ep 9/10 | Loss: 0.3377 | ValAcc: 87.11% | Time: 49.32s
Ep 10/10 | Loss: 0.3170 | ValAcc: 87.61% | Time: 42.41s
TEST ACCURACY: 87.64%
Running: FashionMNIST resnet50 BS=32 Opt=Adam LR=0.001 Ep=10
Ep 1/10 | Loss: 0.5447 | ValAcc: 88.79% | Time: 51.41s
Ep 2/10 | Loss: 0.3555 | ValAcc: 86.73% | Time: 54.84s
Ep 3/10 | Loss: 0.3315 | ValAcc: 89.80% | Time: 46.71s
Ep 4/10 | Loss: 0.2947 | ValAcc: 89.09% | Time: 52.61s
Ep 5/10 | Loss: 0.2667 | ValAcc: 89.34% | Time: 52.41s
Ep 6/10 | Loss: 0.2316 | ValAcc: 91.53% | Time: 52.00s
Ep 7/10 | Loss: 0.2215 | ValAcc: 91.01% | Time: 51.89s
Ep 8/10 | Loss: 0.1902 | ValAcc: 91.63% | Time: 51.60s
Ep 9/10 | Loss: 0.1757 | ValAcc: 92.57% | Time: 51.41s
Ep 10/10 | Loss: 0.1627 | ValAcc: 88.54% | Time: 51.16s
TEST ACCURACY: 87.52%
Running: FashionMNIST resnet50 BS=32 Opt=Adam LR=0.0001 Ep=10
Ep 1/10 | Loss: 0.7098 | ValAcc: 82.49% | Time: 45.46s
Ep 2/10 | Loss: 0.4350 | ValAcc: 86.97% | Time: 50.04s
Ep 3/10 | Loss: 0.3504 | ValAcc: 88.63% | Time: 52.87s
Ep 4/10 | Loss: 0.2945 | ValAcc: 89.49% | Time: 51.84s
Ep 5/10 | Loss: 0.2606 | ValAcc: 90.17% | Time: 48.99s
Ep 6/10 | Loss: 0.2261 | ValAcc: 89.87% | Time: 52.09s
Ep 7/10 | Loss: 0.2024 | ValAcc: 91.20% | Time: 51.41s
Ep 8/10 | Loss: 0.1729 | ValAcc: 91.67% | Time: 51.53s
Ep 9/10 | Loss: 0.1469 | ValAcc: 91.09% | Time: 51.43s
Ep 10/10 | Loss: 0.1306 | ValAcc: 90.47% | Time: 51.03s
TEST ACCURACY: 90.39%
Running: FashionMNIST resnet50 BS=16 Opt=SGD LR=0.001 Ep=10
Ep 1/10 | Loss: 0.7174 | ValAcc: 84.67% | Time: 124.66s
Ep 2/10 | Loss: 0.4066 | ValAcc: 87.46% | Time: 124.07s
Ep 3/10 | Loss: 0.3196 | ValAcc: 89.43% | Time: 124.09s
Ep 4/10 | Loss: 0.2737 | ValAcc: 89.44% | Time: 124.17s
Ep 5/10 | Loss: 0.2375 | ValAcc: 91.10% | Time: 124.02s
Ep 6/10 | Loss: 0.2051 | ValAcc: 90.34% | Time: 124.04s
Ep 7/10 | Loss: 0.1847 | ValAcc: 90.90% | Time: 124.07s
Ep 8/10 | Loss: 0.1620 | ValAcc: 91.13% | Time: 124.07s
Ep 9/10 | Loss: 0.1416 | ValAcc: 91.60% | Time: 124.06s
Ep 10/10 | Loss: 0.1297 | ValAcc: 91.74% | Time: 124.07s
TEST ACCURACY: 91.51%
Running: FashionMNIST resnet50 BS=16 Opt=SGD LR=0.0001 Ep=10
Ep 1/10 | Loss: 1.1790 | ValAcc: 75.26% | Time: 124.76s
Ep 2/10 | Loss: 0.5995 | ValAcc: 81.40% | Time: 124.09s
Ep 3/10 | Loss: 0.4960 | ValAcc: 84.20% | Time: 124.12s
Ep 4/10 | Loss: 0.4349 | ValAcc: 85.33% | Time: 124.09s
Ep 5/10 | Loss: 0.3951 | ValAcc: 86.61% | Time: 124.07s
Ep 6/10 | Loss: 0.3653 | ValAcc: 86.91% | Time: 124.08s
Ep 7/10 | Loss: 0.3375 | ValAcc: 87.93% | Time: 124.08s
Ep 8/10 | Loss: 0.3128 | ValAcc: 87.97% | Time: 124.05s
Ep 9/10 | Loss: 0.2904 | ValAcc: 88.70% | Time: 124.01s
Ep 10/10 | Loss: 0.2674 | ValAcc: 88.84% | Time: 124.01s
TEST ACCURACY: 88.83%
Running: FashionMNIST resnet50 BS=16 Opt=Adam LR=0.001 Ep=10
Ep 1/10 | Loss: 0.5625 | ValAcc: 86.46% | Time: 124.62s
Ep 2/10 | Loss: 0.3863 | ValAcc: 88.33% | Time: 124.85s
Ep 3/10 | Loss: 0.3191 | ValAcc: 81.14% | Time: 121.46s
Ep 4/10 | Loss: 0.2756 | ValAcc: 86.49% | Time: 122.36s
Ep 5/10 | Loss: 0.2417 | ValAcc: 90.46% | Time: 124.09s
Ep 6/10 | Loss: 0.2133 | ValAcc: 91.14% | Time: 122.33s
Ep 7/10 | Loss: 0.1923 | ValAcc: 92.11% | Time: 122.66s
Ep 8/10 | Loss: 0.1719 | ValAcc: 91.97% | Time: 124.09s
Ep 9/10 | Loss: 0.1542 | ValAcc: 92.07% | Time: 120.93s
Ep 10/10 | Loss: 0.1349 | ValAcc: 89.54% | Time: 122.00s
TEST ACCURACY: 89.85%
Running: FashionMNIST resnet50 BS=16 Opt=Adam LR=0.0001 Ep=10
Ep 1/10 | Loss: 0.7101 | ValAcc: 82.66% | Time: 124.70s
Ep 2/10 | Loss: 0.4234 | ValAcc: 85.96% | Time: 124.09s
Ep 3/10 | Loss: 0.3375 | ValAcc: 88.96% | Time: 122.89s
Ep 4/10 | Loss: 0.2836 | ValAcc: 90.01% | Time: 124.11s
Ep 5/10 | Loss: 0.2437 | ValAcc: 90.34% | Time: 124.10s
Ep 6/10 | Loss: 0.2117 | ValAcc: 89.50% | Time: 124.14s
Ep 7/10 | Loss: 0.1864 | ValAcc: 91.66% | Time: 124.21s
Ep 8/10 | Loss: 0.1557 | ValAcc: 92.50% | Time: 124.09s
Ep 9/10 | Loss: 0.1368 | ValAcc: 91.87% | Time: 124.08s
Ep 10/10 | Loss: 0.1162 | ValAcc: 92.01% | Time: 124.12s
TEST ACCURACY: 91.95%
Running: FashionMNIST resnet50 BS=32 Opt=SGD LR=0.001 Ep=10
Ep 1/10 | Loss: 0.7485 | ValAcc: 82.10% | Time: 65.45s
Ep 2/10 | Loss: 0.4431 | ValAcc: 86.24% | Time: 63.56s
Ep 3/10 | Loss: 0.3472 | ValAcc: 86.47% | Time: 63.27s
Ep 4/10 | Loss: 0.2917 | ValAcc: 88.57% | Time: 63.13s
Ep 5/10 | Loss: 0.2504 | ValAcc: 90.14% | Time: 62.99s
Ep 6/10 | Loss: 0.2173 | ValAcc: 89.86% | Time: 62.99s
Ep 7/10 | Loss: 0.1982 | ValAcc: 89.77% | Time: 62.94s
Ep 8/10 | Loss: 0.1729 | ValAcc: 90.89% | Time: 63.72s
Ep 9/10 | Loss: 0.1565 | ValAcc: 90.69% | Time: 62.97s
Ep 10/10 | Loss: 0.1360 | ValAcc: 91.04% | Time: 62.96s
TEST ACCURACY: 90.99%
Running: FashionMNIST resnet50 BS=32 Opt=SGD LR=0.0001 Ep=10
Ep 1/10 | Loss: 1.5791 | ValAcc: 67.94% | Time: 66.29s
Ep 2/10 | Loss: 0.7962 | ValAcc: 76.04% | Time: 65.56s
Ep 3/10 | Loss: 0.6232 | ValAcc: 80.11% | Time: 66.38s
Ep 4/10 | Loss: 0.5351 | ValAcc: 82.34% | Time: 65.48s
Ep 5/10 | Loss: 0.4774 | ValAcc: 84.14% | Time: 69.77s
Ep 6/10 | Loss: 0.4414 | ValAcc: 84.89% | Time: 70.98s
Ep 7/10 | Loss: 0.4037 | ValAcc: 85.56% | Time: 72.00s
Ep 8/10 | Loss: 0.3766 | ValAcc: 86.37% | Time: 71.44s
Ep 9/10 | Loss: 0.3540 | ValAcc: 85.80% | Time: 70.90s
Ep 10/10 | Loss: 0.3320 | ValAcc: 87.16% | Time: 70.88s
TEST ACCURACY: 87.34%
Running: FashionMNIST resnet50 BS=32 Opt=Adam LR=0.001 Ep=10
Ep 1/10 | Loss: 0.5572 | ValAcc: 86.70% | Time: 79.35s
Ep 2/10 | Loss: 0.3904 | ValAcc: 88.96% | Time: 77.39s
Ep 3/10 | Loss: 0.2942 | ValAcc: 88.61% | Time: 78.63s
Ep 4/10 | Loss: 0.2818 | ValAcc: 90.13% | Time: 78.68s
Ep 5/10 | Loss: 0.2529 | ValAcc: 90.11% | Time: 78.65s
Ep 6/10 | Loss: 0.2369 | ValAcc: 91.23% | Time: 78.42s
Ep 7/10 | Loss: 0.2081 | ValAcc: 91.61% | Time: 77.53s
Ep 8/10 | Loss: 0.1949 | ValAcc: 91.24% | Time: 77.26s
Ep 9/10 | Loss: 0.1822 | ValAcc: 91.27% | Time: 75.87s
Ep 10/10 | Loss: 0.1564 | ValAcc: 92.07% | Time: 75.51s
TEST ACCURACY: 91.91%
Running: FashionMNIST resnet50 BS=32 Opt=Adam LR=0.0001 Ep=10
Ep 1/10 | Loss: 0.7266 | ValAcc: 82.50% | Time: 78.76s
Ep 2/10 | Loss: 0.4427 | ValAcc: 84.97% | Time: 76.19s
Ep 3/10 | Loss: 0.3486 | ValAcc: 87.83% | Time: 76.08s
Ep 4/10 | Loss: 0.2954 | ValAcc: 89.26% | Time: 77.55s
Ep 5/10 | Loss: 0.2579 | ValAcc: 88.66% | Time: 77.51s
Ep 6/10 | Loss: 0.2257 | ValAcc: 89.99% | Time: 76.57s
Ep 7/10 | Loss: 0.2030 | ValAcc: 91.34% | Time: 75.92s
Ep 8/10 | Loss: 0.1786 | ValAcc: 90.99% | Time: 76.36s
Ep 9/10 | Loss: 0.1528 | ValAcc: 91.69% | Time: 76.78s
Ep 10/10 | Loss: 0.1322 | ValAcc: 91.86% | Time: 77.30s
TEST ACCURACY: 91.27%
