Starting Q2 Benchmark...
Running: CPU | resnet18 | SGD
  Ep 1/10 | Time: 274.14s | Loss: 0.4254 | Acc: 87.85%
  Ep 2/10 | Time: 272.25s | Loss: 0.2694 | Acc: 90.27%
  Ep 3/10 | Time: 272.06s | Loss: 0.2166 | Acc: 90.99%
  Ep 4/10 | Time: 272.57s | Loss: 0.1821 | Acc: 91.69%
  Ep 5/10 | Time: 272.70s | Loss: 0.1549 | Acc: 91.50%
  Ep 6/10 | Time: 272.47s | Loss: 0.1289 | Acc: 91.76%
  Ep 7/10 | Time: 272.00s | Loss: 0.1093 | Acc: 92.08%
  Ep 8/10 | Time: 272.25s | Loss: 0.0905 | Acc: 92.02%
  Ep 9/10 | Time: 271.81s | Loss: 0.0764 | Acc: 91.87%
  Ep 10/10 | Time: 272.00s | Loss: 0.0661 | Acc: 91.61%
  New Best Model Saved for cpu!
Running: CPU | resnet18 | Adam
  Ep 1/10 | Time: 315.87s | Loss: 0.4037 | Acc: 87.73%
  Ep 2/10 | Time: 316.14s | Loss: 0.2750 | Acc: 90.46%
  Ep 3/10 | Time: 314.79s | Loss: 0.2320 | Acc: 90.97%
  Ep 4/10 | Time: 314.85s | Loss: 0.1965 | Acc: 91.63%
  Ep 5/10 | Time: 314.92s | Loss: 0.1667 | Acc: 92.07%
  Ep 6/10 | Time: 316.46s | Loss: 0.1439 | Acc: 92.38%
  Ep 7/10 | Time: 315.61s | Loss: 0.1185 | Acc: 92.56%
  Ep 8/10 | Time: 316.56s | Loss: 0.1035 | Acc: 92.07%
  Ep 9/10 | Time: 317.88s | Loss: 0.0820 | Acc: 92.57%
  Ep 10/10 | Time: 317.96s | Loss: 0.0692 | Acc: 92.74%
  New Best Model Saved for cpu!
Running: CPU | resnet50 | SGD
  Ep 1/10 | Time: 627.82s | Loss: 0.6593 | Acc: 85.96%
  Ep 2/10 | Time: 626.15s | Loss: 0.3690 | Acc: 88.07%
  Ep 3/10 | Time: 626.35s | Loss: 0.2931 | Acc: 89.62%
  Ep 4/10 | Time: 629.26s | Loss: 0.2454 | Acc: 89.59%
  Ep 5/10 | Time: 629.42s | Loss: 0.2129 | Acc: 90.88%
  Ep 6/10 | Time: 630.37s | Loss: 0.1885 | Acc: 89.41%
  Ep 7/10 | Time: 629.17s | Loss: 0.1646 | Acc: 91.13%
  Ep 8/10 | Time: 627.93s | Loss: 0.1494 | Acc: 90.23%
  Ep 9/10 | Time: 629.08s | Loss: 0.1318 | Acc: 91.26%
  Ep 10/10 | Time: 628.51s | Loss: 0.1158 | Acc: 91.41%
Running: CPU | resnet50 | Adam
  Ep 1/10 | Time: 711.88s | Loss: 0.5392 | Acc: 84.07%
  Ep 2/10 | Time: 713.09s | Loss: 0.3439 | Acc: 89.46%
  Ep 3/10 | Time: 713.64s | Loss: 0.2950 | Acc: 89.18%
  Ep 4/10 | Time: 715.74s | Loss: 0.2494 | Acc: 90.23%
  Ep 5/10 | Time: 718.16s | Loss: 0.2246 | Acc: 81.86%
  Ep 6/10 | Time: 723.71s | Loss: 0.1983 | Acc: 91.28%
  Ep 7/10 | Time: 728.60s | Loss: 0.1758 | Acc: 90.98%
  Ep 8/10 | Time: 730.60s | Loss: 0.1565 | Acc: 92.11%
  Ep 9/10 | Time: 736.85s | Loss: 0.1374 | Acc: 92.01%
  Ep 10/10 | Time: 729.46s | Loss: 0.1219 | Acc: 92.72%
Running: CUDA | resnet18 | SGD
  Ep 1/10 | Time: 73.69s | Loss: 0.4265 | Acc: 88.43%
  Ep 2/10 | Time: 70.30s | Loss: 0.2761 | Acc: 89.13%
  Ep 3/10 | Time: 70.44s | Loss: 0.2240 | Acc: 90.21%
  Ep 4/10 | Time: 72.62s | Loss: 0.1891 | Acc: 90.34%
  Ep 5/10 | Time: 70.02s | Loss: 0.1614 | Acc: 91.25%
  Ep 6/10 | Time: 68.44s | Loss: 0.1375 | Acc: 91.76%
  Ep 7/10 | Time: 69.89s | Loss: 0.1135 | Acc: 91.69%
  Ep 8/10 | Time: 70.52s | Loss: 0.0965 | Acc: 92.41%
  Ep 9/10 | Time: 71.89s | Loss: 0.0794 | Acc: 91.44%
  Ep 10/10 | Time: 69.84s | Loss: 0.0689 | Acc: 92.42%
  New Best Model Saved for cuda!
Running: CUDA | resnet18 | Adam
  Ep 1/10 | Time: 78.15s | Loss: 0.4042 | Acc: 88.49%
  Ep 2/10 | Time: 78.04s | Loss: 0.2775 | Acc: 90.09%
  Ep 3/10 | Time: 77.99s | Loss: 0.2280 | Acc: 90.49%
  Ep 4/10 | Time: 77.74s | Loss: 0.1993 | Acc: 91.91%
  Ep 5/10 | Time: 78.19s | Loss: 0.1697 | Acc: 92.42%
  Ep 6/10 | Time: 78.08s | Loss: 0.1474 | Acc: 92.12%
  Ep 7/10 | Time: 78.55s | Loss: 0.1223 | Acc: 92.73%
  Ep 8/10 | Time: 78.07s | Loss: 0.1017 | Acc: 92.53%
  Ep 9/10 | Time: 78.03s | Loss: 0.0835 | Acc: 93.07%
  Ep 10/10 | Time: 77.69s | Loss: 0.0685 | Acc: 92.83%
  New Best Model Saved for cuda!
Running: CUDA | resnet50 | SGD
  Ep 1/10 | Time: 135.04s | Loss: 0.6541 | Acc: 86.15%
  Ep 2/10 | Time: 124.28s | Loss: 0.3618 | Acc: 87.03%
  Ep 3/10 | Time: 125.72s | Loss: 0.2888 | Acc: 88.22%
  Ep 4/10 | Time: 126.08s | Loss: 0.2433 | Acc: 91.00%
  Ep 5/10 | Time: 122.94s | Loss: 0.2056 | Acc: 91.49%
  Ep 6/10 | Time: 127.20s | Loss: 0.1868 | Acc: 90.38%
  Ep 7/10 | Time: 124.45s | Loss: 0.1663 | Acc: 91.24%
  Ep 8/10 | Time: 127.99s | Loss: 0.1497 | Acc: 91.72%
  Ep 9/10 | Time: 127.54s | Loss: 0.1287 | Acc: 91.88%
  Ep 10/10 | Time: 123.89s | Loss: 0.1150 | Acc: 91.17%
Running: CUDA | resnet50 | Adam
  Ep 1/10 | Time: 142.91s | Loss: 0.5425 | Acc: 79.88%
  Ep 2/10 | Time: 143.85s | Loss: 0.3650 | Acc: 87.81%
  Ep 3/10 | Time: 142.68s | Loss: 0.3036 | Acc: 89.70%
  Ep 4/10 | Time: 143.29s | Loss: 0.2545 | Acc: 89.18%
  Ep 5/10 | Time: 144.00s | Loss: 0.2304 | Acc: 91.59%
  Ep 6/10 | Time: 142.83s | Loss: 0.2001 | Acc: 91.77%
  Ep 7/10 | Time: 142.75s | Loss: 0.1842 | Acc: 91.33%
  Ep 8/10 | Time: 143.49s | Loss: 0.1632 | Acc: 92.27%
  Ep 9/10 | Time: 143.33s | Loss: 0.1435 | Acc: 92.22%
  Ep 10/10 | Time: 143.86s | Loss: 0.1296 | Acc: 92.19%
