wandb: [wandb.login()] Loaded credentials for https://api.wandb.ai from WANDB_API_KEY.
wandb: Currently logged in as: m25csa032 (lab72343) to https://api.wandb.ai. Use `wandb login --relogin` to force relogin
wandb: WARNING Using a boolean value for 'reinit' is deprecated. Use 'return_previous' or 'finish_previous' instead.
wandb: setting up run 6qlmze18
wandb: Tracking run with wandb version 0.25.1
wandb: Run data is saved locally in /scratch/m25csa032/dlops_ass5/q2_adv_attacks/wandb/run-20260403_122653-6qlmze18
wandb: Run `wandb offline` to turn off syncing.
wandb: Syncing run FGSM_Attacks
wandb: ⭐️ View project at https://wandb.ai/lab72343/dlops-ass5-q2
wandb: 🚀 View run at https://wandb.ai/lab72343/dlops-ass5-q2/runs/6qlmze18
Files already downloaded and verified
--- Scratch FGSM ---
Traceback (most recent call last):
  File "/scratch/m25csa032/dlops_ass5/q2_adv_attacks/attack_fgsm.py", line 139, in <module>
    run_attacks()
  File "/scratch/m25csa032/dlops_ass5/q2_adv_attacks/attack_fgsm.py", line 59, in run_attacks
    loss.backward()
  File "/csehome/m25csa032/.local/lib/python3.10/site-packages/torch/_tensor.py", line 487, in backward
    torch.autograd.backward(
  File "/csehome/m25csa032/.local/lib/python3.10/site-packages/torch/autograd/__init__.py", line 200, in backward
    Variable._execution_engine.run_backward(  # Calls into the C++ engine to run the backward pass
KeyboardInterrupt
Traceback (most recent call last):
  File "/scratch/m25csa032/dlops_ass5/q2_adv_attacks/attack_fgsm.py", line 139, in <module>
    run_attacks()
  File "/scratch/m25csa032/dlops_ass5/q2_adv_attacks/attack_fgsm.py", line 59, in run_attacks
    loss.backward()
  File "/csehome/m25csa032/.local/lib/python3.10/site-packages/torch/_tensor.py", line 487, in backward
    torch.autograd.backward(
  File "/csehome/m25csa032/.local/lib/python3.10/site-packages/torch/autograd/__init__.py", line 200, in backward
    Variable._execution_engine.run_backward(  # Calls into the C++ engine to run the backward pass
KeyboardInterrupt
[1;34mwandb[0m: 
[1;34mwandb[0m: 🚀 View run [33mFGSM_Attacks[0m at: [34mhttps://wandb.ai/lab72343/dlops-ass5-q2/runs/6qlmze18[0m
[1;34mwandb[0m: Find logs at: [1;35mwandb/run-20260403_122653-6qlmze18/logs[0m
